/home/twoldridge/adap-site/table_data/sinalite_categorized_export/Stationery/Envelopes.csv - Line 1: Failed to parse options
/home/twoldridge/adap-site/table_data/sinalite_categorized_export/Stationery/Notepads.csv - Line 1: Failed to parse options
/home/twoldridge/adap-site/table_data/sinalite_categorized_export/Stationery/NCR Forms.csv - Line 1: Failed to parse options
/home/twoldridge/adap-site/table_data/sinalite_categorized_export/Stationery/Letterhead.csv - Line 1: Failed to parse options
/home/twoldridge/adap-site/table_data/sinalite_categorized_export/Promotional/Presentation Folders.csv - Line 1: Failed to parse options
/home/twoldridge/adap-site/table_data/sinalite_categorized_export/Promotional/Table Covers.csv - Line 1: Failed to parse options
/home/twoldridge/adap-site/table_data/sinalite_categorized_export/Promotional/Bookmarks.csv - Line 1: Failed to parse options
/home/twoldridge/adap-site/table_data/sinalite_categorized_export/Print Products/Postcards.csv - Line 1: Failed to parse options
/home/twoldridge/adap-site/table_data/sinalite_categorized_export/Print Products/Greeting Cards.csv - Line 1: Failed to parse options
/home/twoldridge/adap-site/table_data/sinalite_categorized_export/Print Products/Invitations.csv - Line 1: Failed to parse options
/home/twoldridge/adap-site/table_data/sinalite_categorized_export/Print Products/Posters.csv - Line 1: Failed to parse options
/home/twoldridge/adap-site/table_data/sinalite_categorized_export/Print Products/Digital Sheets.csv - Line 1: Failed to parse options
/home/twoldridge/adap-site/table_data/sinalite_categorized_export/Print Products/Tear Cards.csv - Line 1: Failed to parse options
/home/twoldridge/adap-site/table_data/sinalite_categorized_export/Print Products/Magnets.csv - Line 1: Failed to parse options
/home/twoldridge/adap-site/table_data/sinalite_categorized_export/Print Products/Plastics.csv - Line 1: Failed to parse options
/home/twoldridge/adap-site/table_data/sinalite_categorized_export/Print Products/Tent Cards.csv - Line 1: Failed to parse options
/home/twoldridge/adap-site/table_data/sinalite_categorized_export/Print Products/Booklets.csv - Line 1: Failed to parse options
/home/twoldridge/adap-site/table_data/sinalite_categorized_export/Print Products/Flyers.csv - Line 1: Failed to parse options
/home/twoldridge/adap-site/table_data/sinalite_categorized_export/Print Products/Door Hangers.csv - Line 1: Failed to parse options
/home/twoldridge/adap-site/table_data/sinalite_categorized_export/Print Products/Numbered Tickets.csv - Line 1: Failed to parse options
/home/twoldridge/adap-site/table_data/sinalite_categorized_export/Print Products/Brochures.csv - Line 1: Failed to parse options
/home/twoldridge/adap-site/table_data/sinalite_categorized_export/Print Products/Variable Printing.csv - Line 1: Failed to parse options
/home/twoldridge/adap-site/table_data/sinalite_categorized_export/Print Products/Wall Calendars.csv - Line 1: Failed to parse options
/home/twoldridge/adap-site/table_data/sinalite_categorized_export/Large_Format/H-Stands for Signs.csv - Line 1: Failed to parse options
/home/twoldridge/adap-site/table_data/sinalite_categorized_export/Large_Format/Display Board POP.csv - Line 1: Failed to parse options
/home/twoldridge/adap-site/table_data/sinalite_categorized_export/Large_Format/Aluminum Signs.csv - Line 1: Failed to parse options
/home/twoldridge/adap-site/table_data/sinalite_categorized_export/Large_Format/Styrene Signs.csv - Line 1: Failed to parse options
/home/twoldridge/adap-site/table_data/sinalite_categorized_export/Large_Format/X-Frame Banners.csv - Line 1: Failed to parse options
/home/twoldridge/adap-site/table_data/sinalite_categorized_export/Large_Format/Window Graphics.csv - Line 1: Failed to parse options
/home/twoldridge/adap-site/table_data/sinalite_categorized_export/Large_Format/Foam Board.csv - Line 1: Failed to parse options
/home/twoldridge/adap-site/table_data/sinalite_categorized_export/Large_Format/Vinyl Banners.csv - Line 1: Failed to parse options
/home/twoldridge/adap-site/table_data/sinalite_categorized_export/Large_Format/Floor Graphics.csv - Line 1: Failed to parse options
/home/twoldridge/adap-site/table_data/sinalite_categorized_export/Large_Format/Clings.csv - Line 1: Failed to parse options
/home/twoldridge/adap-site/table_data/sinalite_categorized_export/Large_Format/A-Frame Signs.csv - Line 1: Failed to parse options
/home/twoldridge/adap-site/table_data/sinalite_categorized_export/Large_Format/Pull Up Banners.csv - Line 1: Failed to parse options
/home/twoldridge/adap-site/table_data/sinalite_categorized_export/Large_Format/Wall Decals.csv - Line 1: Failed to parse options
/home/twoldridge/adap-site/table_data/sinalite_categorized_export/Large_Format/Sintra Rigid Board.csv - Line 1: Failed to parse options
/home/twoldridge/adap-site/table_data/sinalite_categorized_export/Large_Format/Canvas.csv - Line 1: Failed to parse options
/home/twoldridge/adap-site/table_data/sinalite_categorized_export/Uncategorized/Coroplast Signs _ Yard Signs.csv - Line 1: Failed to parse options
/home/twoldridge/adap-site/table_data/sinalite_categorized_export/Uncategorized/Unaddressed Admail.csv - Line 1: Failed to parse options
/home/twoldridge/adap-site/table_data/sinalite_categorized_export/Uncategorized/Postcard Enveloped and Addressed.csv - Line 1: Failed to parse options
/home/twoldridge/adap-site/table_data/sinalite_categorized_export/Uncategorized/Covid-19-Decals-.csv - Line 1: Failed to parse options
/home/twoldridge/adap-site/table_data/sinalite_categorized_export/Uncategorized/Postcard Addressed.csv - Line 1: Failed to parse options
/home/twoldridge/adap-site/table_data/sinalite_categorized_export/Uncategorized/A Frame Stands.csv - Line 1: Failed to parse options
/home/twoldridge/adap-site/table_data/sinalite_categorized_export/Uncategorized/Adhesive Vinyl.csv - Line 1: Failed to parse options
/home/twoldridge/adap-site/table_data/sinalite_categorized_export/Uncategorized/Coroplast Signs _ Yard Signs-.csv - Line 1: Failed to parse options
/home/twoldridge/adap-site/table_data/sinalite_categorized_export/Uncategorized/Covid-19-Decals.csv - Line 1: Failed to parse options
/home/twoldridge/adap-site/table_data/sinalite_categorized_export/Business Cards/Business Cards.csv - Line 1: Failed to parse options
/home/twoldridge/adap-site/table_data/sinalite_categorized_export/Business Cards/business_cards_options.csv - Line 1: Failed to parse options
/home/twoldridge/adap-site/table_data/sinalite_categorized_export/Business Cards/business_cards_options.csv - Line 2: Failed to parse options
/home/twoldridge/adap-site/table_data/sinalite_categorized_export/Business Cards/business_cards_options.csv - Line 3: Failed to parse options
/home/twoldridge/adap-site/table_data/sinalite_categorized_export/Business Cards/business_cards_options.csv - Line 4: Failed to parse options
/home/twoldridge/adap-site/table_data/sinalite_categorized_export/Business Cards/business_cards_options.csv - Line 5: Failed to parse options
/home/twoldridge/adap-site/table_data/sinalite_categorized_export/Business Cards/business_cards_options.csv - Line 6: Failed to parse options
/home/twoldridge/adap-site/table_data/sinalite_categorized_export/Business Cards/business_cards_options.csv - Line 7: Failed to parse options
/home/twoldridge/adap-site/table_data/sinalite_categorized_export/Business Cards/business_cards_options.csv - Line 8: Failed to parse options
/home/twoldridge/adap-site/table_data/sinalite_categorized_export/Business Cards/business_cards_options.csv - Line 9: Failed to parse options
/home/twoldridge/adap-site/table_data/sinalite_categorized_export/Business Cards/business_cards_options.csv - Line 10: Failed to parse options
/home/twoldridge/adap-site/table_data/sinalite_categorized_export/Business Cards/business_cards_options.csv - Line 11: Failed to parse options
/home/twoldridge/adap-site/table_data/sinalite_categorized_export/Business Cards/business_cards_options.csv - Line 12: Failed to parse options
/home/twoldridge/adap-site/table_data/sinalite_categorized_export/Business Cards/business_cards_options.csv - Line 13: Failed to parse options
/home/twoldridge/adap-site/table_data/sinalite_categorized_export/Business Cards/business_cards_options.csv - Line 14: Failed to parse options
/home/twoldridge/adap-site/table_data/sinalite_categorized_export/Business Cards/business_cards_options.csv - Line 15: Failed to parse options
/home/twoldridge/adap-site/table_data/sinalite_categorized_export/Business Cards/business_cards_options.csv - Line 16: Failed to parse options
/home/twoldridge/adap-site/table_data/sinalite_categorized_export/Business Cards/business_cards_options.csv - Line 17: Failed to parse options
/home/twoldridge/adap-site/table_data/sinalite_categorized_export/Business Cards/business_cards_options.csv - Line 18: Failed to parse options
/home/twoldridge/adap-site/table_data/sinalite_categorized_export/Business Cards/business_cards_options.csv - Line 19: Failed to parse options
/home/twoldridge/adap-site/table_data/sinalite_categorized_export/Business Cards/business_cards_options.csv - Line 20: Failed to parse options
/home/twoldridge/adap-site/table_data/sinalite_categorized_export/Business Cards/business_cards_options.csv - Line 21: Failed to parse options
/home/twoldridge/adap-site/table_data/sinalite_categorized_export/Business Cards/business_cards_options.csv - Line 22: Failed to parse options
/home/twoldridge/adap-site/table_data/sinalite_categorized_export/Business Cards/business_cards_options.csv - Line 23: Failed to parse options
/home/twoldridge/adap-site/table_data/sinalite_categorized_export/Business Cards/business_cards_options.csv - Line 24: Failed to parse options
/home/twoldridge/adap-site/table_data/sinalite_categorized_export/Business Cards/business_cards_options.csv - Line 25: Failed to parse options
/home/twoldridge/adap-site/table_data/sinalite_categorized_export/Business Cards/business_cards_options.csv - Line 26: Failed to parse options
/home/twoldridge/adap-site/table_data/sinalite_categorized_export/Business Cards/business_cards_options.csv - Line 27: Failed to parse options
/home/twoldridge/adap-site/table_data/sinalite_categorized_export/Business Cards/business_cards_options.csv - Line 28: Failed to parse options
/home/twoldridge/adap-site/table_data/sinalite_categorized_export/Business Cards/business_cards_options.csv - Line 29: Failed to parse options
/home/twoldridge/adap-site/table_data/sinalite_categorized_export/Business Cards/business_cards_options.csv - Line 30: Failed to parse options
/home/twoldridge/adap-site/table_data/sinalite_categorized_export/Business Cards/business_cards_options.csv - Line 31: Failed to parse options
/home/twoldridge/adap-site/table_data/sinalite_categorized_export/Business Cards/business_cards_options.csv - Line 32: Failed to parse options
/home/twoldridge/adap-site/table_data/sinalite_categorized_export/Business Cards/business_cards_options.csv - Line 33: Failed to parse options
/home/twoldridge/adap-site/table_data/sinalite_categorized_export/Business Cards/business_cards_options.csv - Line 34: Failed to parse options
/home/twoldridge/adap-site/table_data/sinalite_categorized_export/Business Cards/business_cards_options.csv - Line 35: Failed to parse options
/home/twoldridge/adap-site/table_data/sinalite_categorized_export/Business Cards/business_cards_options.csv - Line 36: Failed to parse options
/home/twoldridge/adap-site/table_data/sinalite_categorized_export/Business Cards/business_cards_options.csv - Line 37: Failed to parse options
/home/twoldridge/adap-site/table_data/sinalite_categorized_export/Business Cards/business_cards_options.csv - Line 38: Failed to parse options
/home/twoldridge/adap-site/table_data/sinalite_categorized_export/Business Cards/business_cards_options.csv - Line 39: Failed to parse options
/home/twoldridge/adap-site/table_data/sinalite_categorized_export/Business Cards/business_cards_options.csv - Line 40: Failed to parse options
/home/twoldridge/adap-site/table_data/sinalite_categorized_export/Business Cards/business_cards_options.csv - Line 41: Failed to parse options
/home/twoldridge/adap-site/table_data/sinalite_categorized_export/Business Cards/business_cards_options.csv - Line 42: Failed to parse options
/home/twoldridge/adap-site/table_data/sinalite_categorized_export/Business Cards/business_cards_options.csv - Line 43: Failed to parse options
/home/twoldridge/adap-site/table_data/sinalite_categorized_export/Business Cards/business_cards_options.csv - Line 44: Failed to parse options
/home/twoldridge/adap-site/table_data/sinalite_categorized_export/Business Cards/business_cards_options.csv - Line 45: Failed to parse options
/home/twoldridge/adap-site/table_data/sinalite_categorized_export/Business Cards/business_cards_options.csv - Line 46: Failed to parse options
/home/twoldridge/adap-site/table_data/sinalite_categorized_export/Business Cards/business_cards_options.csv - Line 47: Failed to parse options
/home/twoldridge/adap-site/table_data/sinalite_categorized_export/Business Cards/business_cards_options.csv - Line 48: Failed to parse options
/home/twoldridge/adap-site/table_data/sinalite_categorized_export/Business Cards/business_cards_options.csv - Line 49: Failed to parse options
/home/twoldridge/adap-site/table_data/sinalite_categorized_export/Business Cards/business_cards_options.csv - Line 50: Failed to parse options
/home/twoldridge/adap-site/table_data/sinalite_categorized_export/Business Cards/business_cards_options.csv - Line 51: Failed to parse options
/home/twoldridge/adap-site/table_data/sinalite_categorized_export/Business Cards/business_cards_options.csv - Line 52: Failed to parse options
/home/twoldridge/adap-site/table_data/sinalite_categorized_export/Business Cards/business_cards_options.csv - Line 53: Failed to parse options
/home/twoldridge/adap-site/table_data/sinalite_categorized_export/Business Cards/business_cards_options.csv - Line 54: Failed to parse options
/home/twoldridge/adap-site/table_data/sinalite_categorized_export/Business Cards/business_cards_options.csv - Line 55: Failed to parse options
/home/twoldridge/adap-site/table_data/sinalite_categorized_export/Business Cards/business_cards_options.csv - Line 56: Failed to parse options
/home/twoldridge/adap-site/table_data/sinalite_categorized_export/Business Cards/business_cards_options.csv - Line 57: Failed to parse options
/home/twoldridge/adap-site/table_data/sinalite_categorized_export/Business Cards/business_cards_options.csv - Line 58: Failed to parse options
/home/twoldridge/adap-site/table_data/sinalite_categorized_export/Business Cards/business_cards_options.csv - Line 59: Failed to parse options
/home/twoldridge/adap-site/table_data/sinalite_categorized_export/Business Cards/business_cards_options.csv - Line 60: Failed to parse options
/home/twoldridge/adap-site/table_data/sinalite_categorized_export/Business Cards/business_cards_options.csv - Line 61: Failed to parse options
/home/twoldridge/adap-site/table_data/sinalite_categorized_export/Business Cards/business_cards_options.csv - Line 62: Failed to parse options
/home/twoldridge/adap-site/table_data/sinalite_categorized_export/Business Cards/business_cards_options.csv - Line 63: Failed to parse options
/home/twoldridge/adap-site/table_data/sinalite_categorized_export/Business Cards/business_cards_options.csv - Line 64: Failed to parse options
/home/twoldridge/adap-site/table_data/sinalite_categorized_export/Business Cards/business_cards_options.csv - Line 65: Failed to parse options
/home/twoldridge/adap-site/table_data/sinalite_categorized_export/Business Cards/business_cards_options.csv - Line 66: Failed to parse options
/home/twoldridge/adap-site/table_data/sinalite_categorized_export/Business Cards/business_cards_options.csv - Line 67: Failed to parse options
/home/twoldridge/adap-site/table_data/sinalite_categorized_export/Business Cards/business_cards_options.csv - Line 68: Failed to parse options
/home/twoldridge/adap-site/table_data/sinalite_categorized_export/Business Cards/business_cards_options.csv - Line 69: Failed to parse options
/home/twoldridge/adap-site/table_data/sinalite_categorized_export/Business Cards/business_cards_options.csv - Line 70: Failed to parse options
/home/twoldridge/adap-site/table_data/sinalite_categorized_export/Business Cards/business_cards_options.csv - Line 71: Failed to parse options
/home/twoldridge/adap-site/table_data/sinalite_categorized_export/Business Cards/business_cards_options.csv - Line 72: Failed to parse options
/home/twoldridge/adap-site/table_data/sinalite_categorized_export/Business Cards/business_cards_options.csv - Line 73: Failed to parse options
/home/twoldridge/adap-site/table_data/sinalite_categorized_export/Business Cards/business_cards_options.csv - Line 74: Failed to parse options
/home/twoldridge/adap-site/table_data/sinalite_categorized_export/Business Cards/business_cards_options.csv - Line 75: Failed to parse options
/home/twoldridge/adap-site/table_data/sinalite_categorized_export/Business Cards/business_cards_options.csv - Line 76: Failed to parse options
/home/twoldridge/adap-site/table_data/sinalite_categorized_export/Business Cards/business_cards_options.csv - Line 77: Failed to parse options
/home/twoldridge/adap-site/table_data/sinalite_categorized_export/Business Cards/business_cards_options.csv - Line 78: Failed to parse options
/home/twoldridge/adap-site/table_data/sinalite_categorized_export/Business Cards/business_cards_options.csv - Line 79: Failed to parse options
/home/twoldridge/adap-site/table_data/sinalite_categorized_export/Business Cards/business_cards_options.csv - Line 80: Failed to parse options
/home/twoldridge/adap-site/table_data/sinalite_categorized_export/Business Cards/business_cards_options.csv - Line 81: Failed to parse options
/home/twoldridge/adap-site/table_data/sinalite_categorized_export/Business Cards/business_cards_options.csv - Line 82: Failed to parse options
/home/twoldridge/adap-site/table_data/sinalite_categorized_export/Business Cards/business_cards_options.csv - Line 83: Failed to parse options
/home/twoldridge/adap-site/table_data/sinalite_categorized_export/Business Cards/business_cards_options.csv - Line 84: Failed to parse options
/home/twoldridge/adap-site/table_data/sinalite_categorized_export/Business Cards/business_cards_options.csv - Line 85: Failed to parse options
/home/twoldridge/adap-site/table_data/sinalite_categorized_export/Business Cards/business_cards_options.csv - Line 86: Failed to parse options
/home/twoldridge/adap-site/table_data/sinalite_categorized_export/Business Cards/business_cards_options.csv - Line 87: Failed to parse options
/home/twoldridge/adap-site/table_data/sinalite_categorized_export/Business Cards/business_cards_options.csv - Line 88: Failed to parse options
/home/twoldridge/adap-site/table_data/sinalite_categorized_export/Business Cards/business_cards_options.csv - Line 89: Failed to parse options
/home/twoldridge/adap-site/table_data/sinalite_categorized_export/Business Cards/business_cards_options.csv - Line 90: Failed to parse options
/home/twoldridge/adap-site/table_data/sinalite_categorized_export/Business Cards/business_cards_options.csv - Line 91: Failed to parse options
/home/twoldridge/adap-site/table_data/sinalite_categorized_export/Business Cards/business_cards_options.csv - Line 92: Failed to parse options
/home/twoldridge/adap-site/table_data/sinalite_categorized_export/Business Cards/business_cards_options.csv - Line 93: Failed to parse options
/home/twoldridge/adap-site/table_data/sinalite_categorized_export/Business Cards/business_cards_options.csv - Line 94: Failed to parse options
/home/twoldridge/adap-site/table_data/sinalite_categorized_export/Business Cards/business_cards_options.csv - Line 95: Failed to parse options
/home/twoldridge/adap-site/table_data/sinalite_categorized_export/Business Cards/business_cards_options.csv - Line 96: Failed to parse options
/home/twoldridge/adap-site/table_data/sinalite_categorized_export/Business Cards/business_cards_options.csv - Line 97: Failed to parse options
/home/twoldridge/adap-site/table_data/sinalite_categorized_export/Business Cards/business_cards_options.csv - Line 98: Failed to parse options
/home/twoldridge/adap-site/table_data/sinalite_categorized_export/Business Cards/business_cards_options.csv - Line 99: Failed to parse options
/home/twoldridge/adap-site/table_data/sinalite_categorized_export/Business Cards/business_cards_options.csv - Line 100: Failed to parse options
/home/twoldridge/adap-site/table_data/sinalite_categorized_export/Business Cards/business_cards_options.csv - Line 101: Failed to parse options
/home/twoldridge/adap-site/table_data/sinalite_categorized_export/Business Cards/business_cards_options.csv - Line 102: Failed to parse options
/home/twoldridge/adap-site/table_data/sinalite_categorized_export/Business Cards/business_cards_options.csv - Line 103: Failed to parse options
/home/twoldridge/adap-site/table_data/sinalite_categorized_export/Business Cards/business_cards_options.csv - Line 104: Failed to parse options
/home/twoldridge/adap-site/table_data/sinalite_categorized_export/Business Cards/business_cards_options.csv - Line 105: Failed to parse options
/home/twoldridge/adap-site/table_data/sinalite_categorized_export/Business Cards/business_cards_options.csv - Line 106: Failed to parse options
/home/twoldridge/adap-site/table_data/sinalite_categorized_export/Business Cards/business_cards_options.csv - Line 107: Failed to parse options
/home/twoldridge/adap-site/table_data/sinalite_categorized_export/Business Cards/business_cards_options.csv - Line 108: Failed to parse options
/home/twoldridge/adap-site/table_data/sinalite_categorized_export/Business Cards/business_cards_options.csv - Line 109: Failed to parse options
/home/twoldridge/adap-site/table_data/sinalite_categorized_export/Business Cards/business_cards_options.csv - Line 110: Failed to parse options
/home/twoldridge/adap-site/table_data/sinalite_categorized_export/Business Cards/business_cards_options.csv - Line 111: Failed to parse options
/home/twoldridge/adap-site/table_data/sinalite_categorized_export/Business Cards/business_cards_options.csv - Line 112: Failed to parse options
/home/twoldridge/adap-site/table_data/sinalite_categorized_export/Business Cards/business_cards_options.csv - Line 113: Failed to parse options
/home/twoldridge/adap-site/table_data/sinalite_categorized_export/Business Cards/business_cards_options.csv - Line 114: Failed to parse options
/home/twoldridge/adap-site/table_data/sinalite_categorized_export/Business Cards/business_cards_options.csv - Line 115: Failed to parse options
/home/twoldridge/adap-site/table_data/sinalite_categorized_export/Business Cards/business_cards_options.csv - Line 116: Failed to parse options
/home/twoldridge/adap-site/table_data/sinalite_categorized_export/Business Cards/business_cards_options.csv - Line 117: Failed to parse options
/home/twoldridge/adap-site/table_data/sinalite_categorized_export/Business Cards/business_cards_options.csv - Line 118: Failed to parse options
/home/twoldridge/adap-site/table_data/sinalite_categorized_export/Business Cards/business_cards_options.csv - Line 119: Failed to parse options
/home/twoldridge/adap-site/table_data/sinalite_categorized_export/Business Cards/business_cards_options.csv - Line 120: Failed to parse options
/home/twoldridge/adap-site/table_data/sinalite_categorized_export/Business Cards/business_cards_options.csv - Line 121: Failed to parse options
/home/twoldridge/adap-site/table_data/sinalite_categorized_export/Business Cards/business_cards_options.csv - Line 122: Failed to parse options
/home/twoldridge/adap-site/table_data/sinalite_categorized_export/Business Cards/business_cards_options.csv - Line 123: Failed to parse options
/home/twoldridge/adap-site/table_data/sinalite_categorized_export/Business Cards/business_cards_options.csv - Line 124: Failed to parse options
/home/twoldridge/adap-site/table_data/sinalite_categorized_export/Business Cards/business_cards_options.csv - Line 125: Failed to parse options
/home/twoldridge/adap-site/table_data/sinalite_categorized_export/Business Cards/business_cards_options.csv - Line 126: Failed to parse options
/home/twoldridge/adap-site/table_data/sinalite_categorized_export/Business Cards/business_cards_options.csv - Line 127: Failed to parse options
/home/twoldridge/adap-site/table_data/sinalite_categorized_export/Business Cards/business_cards_options.csv - Line 128: Failed to parse options
/home/twoldridge/adap-site/table_data/sinalite_categorized_export/Business Cards/business_cards_options.csv - Line 129: Failed to parse options
/home/twoldridge/adap-site/table_data/sinalite_categorized_export/Business Cards/business_cards_options.csv - Line 130: Failed to parse options
/home/twoldridge/adap-site/table_data/sinalite_categorized_export/Business Cards/business_cards_options.csv - Line 131: Failed to parse options
/home/twoldridge/adap-site/table_data/sinalite_categorized_export/Business Cards/business_cards_options.csv - Line 132: Failed to parse options
/home/twoldridge/adap-site/table_data/sinalite_categorized_export/Business Cards/business_cards_options.csv - Line 133: Failed to parse options
/home/twoldridge/adap-site/table_data/sinalite_categorized_export/Business Cards/business_cards_options.csv - Line 134: Failed to parse options
/home/twoldridge/adap-site/table_data/sinalite_categorized_export/Business Cards/business_cards_options.csv - Line 135: Failed to parse options
/home/twoldridge/adap-site/table_data/sinalite_categorized_export/Business Cards/business_cards_options.csv - Line 136: Failed to parse options
/home/twoldridge/adap-site/table_data/sinalite_categorized_export/Business Cards/business_cards_options.csv - Line 137: Failed to parse options
/home/twoldridge/adap-site/table_data/sinalite_categorized_export/Business Cards/business_cards_options.csv - Line 138: Failed to parse options
/home/twoldridge/adap-site/table_data/sinalite_categorized_export/Business Cards/business_cards_options.csv - Line 139: Failed to parse options
/home/twoldridge/adap-site/table_data/sinalite_categorized_export/Business Cards/business_cards_options.csv - Line 140: Failed to parse options
/home/twoldridge/adap-site/table_data/sinalite_categorized_export/Business Cards/business_cards_options.csv - Line 141: Failed to parse options
/home/twoldridge/adap-site/table_data/sinalite_categorized_export/Business Cards/business_cards_options.csv - Line 142: Failed to parse options
/home/twoldridge/adap-site/table_data/sinalite_categorized_export/Business Cards/business_cards_options.csv - Line 143: Failed to parse options
/home/twoldridge/adap-site/table_data/sinalite_categorized_export/Business Cards/business_cards_options.csv - Line 144: Failed to parse options
/home/twoldridge/adap-site/table_data/sinalite_categorized_export/Business Cards/business_cards_options.csv - Line 145: Failed to parse options
/home/twoldridge/adap-site/table_data/sinalite_categorized_export/Business Cards/business_cards_options.csv - Line 146: Failed to parse options
/home/twoldridge/adap-site/table_data/sinalite_categorized_export/Business Cards/business_cards_options.csv - Line 147: Failed to parse options
/home/twoldridge/adap-site/table_data/sinalite_categorized_export/Business Cards/business_cards_options.csv - Line 148: Failed to parse options
/home/twoldridge/adap-site/table_data/sinalite_categorized_export/Business Cards/business_cards_options.csv - Line 149: Failed to parse options
/home/twoldridge/adap-site/table_data/sinalite_categorized_export/Business Cards/business_cards_options.csv - Line 150: Failed to parse options
/home/twoldridge/adap-site/table_data/sinalite_categorized_export/Business Cards/business_cards_options.csv - Line 151: Failed to parse options
/home/twoldridge/adap-site/table_data/sinalite_categorized_export/Business Cards/business_cards_options.csv - Line 152: Failed to parse options
/home/twoldridge/adap-site/table_data/sinalite_categorized_export/Business Cards/business_cards_options.csv - Line 153: Failed to parse options
/home/twoldridge/adap-site/table_data/sinalite_categorized_export/Business Cards/business_cards_options.csv - Line 154: Failed to parse options
/home/twoldridge/adap-site/table_data/sinalite_categorized_export/Business Cards/business_cards_options.csv - Line 155: Failed to parse options
/home/twoldridge/adap-site/table_data/sinalite_categorized_export/Business Cards/business_cards_options.csv - Line 156: Failed to parse options
/home/twoldridge/adap-site/table_data/sinalite_categorized_export/Business Cards/business_cards_options.csv - Line 157: Failed to parse options
/home/twoldridge/adap-site/table_data/sinalite_categorized_export/Business Cards/business_cards_options.csv - Line 158: Failed to parse options
/home/twoldridge/adap-site/table_data/sinalite_categorized_export/Business Cards/business_cards_options.csv - Line 159: Failed to parse options
/home/twoldridge/adap-site/table_data/sinalite_categorized_export/Business Cards/business_cards_options.csv - Line 160: Failed to parse options
/home/twoldridge/adap-site/table_data/sinalite_categorized_export/Business Cards/business_cards_options.csv - Line 161: Failed to parse options
/home/twoldridge/adap-site/table_data/sinalite_categorized_export/Business Cards/business_cards_options.csv - Line 162: Failed to parse options
/home/twoldridge/adap-site/table_data/sinalite_categorized_export/Business Cards/business_cards_options.csv - Line 163: Failed to parse options
/home/twoldridge/adap-site/table_data/sinalite_categorized_export/Business Cards/business_cards_options.csv - Line 164: Failed to parse options
/home/twoldridge/adap-site/table_data/sinalite_categorized_export/Business Cards/business_cards_options.csv - Line 165: Failed to parse options
/home/twoldridge/adap-site/table_data/sinalite_categorized_export/Business Cards/business_cards_options.csv - Line 166: Failed to parse options
/home/twoldridge/adap-site/table_data/sinalite_categorized_export/Business Cards/business_cards_options.csv - Line 167: Failed to parse options
/home/twoldridge/adap-site/table_data/sinalite_categorized_export/Business Cards/business_cards_options.csv - Line 168: Failed to parse options
/home/twoldridge/adap-site/table_data/sinalite_categorized_export/Business Cards/business_cards_options.csv - Line 169: Failed to parse options
/home/twoldridge/adap-site/table_data/sinalite_categorized_export/Business Cards/business_cards_options.csv - Line 170: Failed to parse options
/home/twoldridge/adap-site/table_data/sinalite_categorized_export/Business Cards/business_cards_options.csv - Line 171: Failed to parse options
/home/twoldridge/adap-site/table_data/sinalite_categorized_export/Business Cards/business_cards_options.csv - Line 172: Failed to parse options
/home/twoldridge/adap-site/table_data/sinalite_categorized_export/Business Cards/business_cards_options.csv - Line 173: Failed to parse options
/home/twoldridge/adap-site/table_data/sinalite_categorized_export/Business Cards/business_cards_options.csv - Line 174: Failed to parse options
/home/twoldridge/adap-site/table_data/sinalite_categorized_export/Business Cards/business_cards_options.csv - Line 175: Failed to parse options
/home/twoldridge/adap-site/table_data/sinalite_categorized_export/Business Cards/business_cards_options.csv - Line 176: Failed to parse options
/home/twoldridge/adap-site/table_data/sinalite_categorized_export/Business Cards/business_cards_options.csv - Line 177: Failed to parse options
/home/twoldridge/adap-site/table_data/sinalite_categorized_export/Business Cards/business_cards_options.csv - Line 178: Failed to parse options
/home/twoldridge/adap-site/table_data/sinalite_categorized_export/Business Cards/business_cards_options.csv - Line 179: Failed to parse options
/home/twoldridge/adap-site/table_data/sinalite_categorized_export/Business Cards/business_cards_options.csv - Line 180: Failed to parse options
/home/twoldridge/adap-site/table_data/sinalite_categorized_export/Business Cards/business_cards_options.csv - Line 181: Failed to parse options
/home/twoldridge/adap-site/table_data/sinalite_categorized_export/Business Cards/business_cards_options.csv - Line 182: Failed to parse options
/home/twoldridge/adap-site/table_data/sinalite_categorized_export/Business Cards/business_cards_options.csv - Line 183: Failed to parse options
/home/twoldridge/adap-site/table_data/sinalite_categorized_export/Business Cards/business_cards_options.csv - Line 184: Failed to parse options
/home/twoldridge/adap-site/table_data/sinalite_categorized_export/Business Cards/business_cards_options.csv - Line 185: Failed to parse options
/home/twoldridge/adap-site/table_data/sinalite_categorized_export/Business Cards/business_cards_options.csv - Line 186: Failed to parse options
/home/twoldridge/adap-site/table_data/sinalite_categorized_export/Business Cards/business_cards_options.csv - Line 187: Failed to parse options
/home/twoldridge/adap-site/table_data/sinalite_categorized_export/Business Cards/business_cards_options.csv - Line 188: Failed to parse options
/home/twoldridge/adap-site/table_data/sinalite_categorized_export/Business Cards/business_cards_options.csv - Line 189: Failed to parse options
/home/twoldridge/adap-site/table_data/sinalite_categorized_export/Business Cards/business_cards_options.csv - Line 190: Failed to parse options
/home/twoldridge/adap-site/table_data/sinalite_categorized_export/Business Cards/business_cards_options.csv - Line 191: Failed to parse options
/home/twoldridge/adap-site/table_data/sinalite_categorized_export/Business Cards/business_cards_options.csv - Line 192: Failed to parse options
/home/twoldridge/adap-site/table_data/sinalite_categorized_export/Business Cards/business_cards_options.csv - Line 193: Failed to parse options
/home/twoldridge/adap-site/table_data/sinalite_categorized_export/Business Cards/business_cards_options.csv - Line 194: Failed to parse options
/home/twoldridge/adap-site/table_data/sinalite_categorized_export/Business Cards/business_cards_options.csv - Line 195: Failed to parse options
/home/twoldridge/adap-site/table_data/sinalite_categorized_export/Business Cards/business_cards_options.csv - Line 196: Failed to parse options
/home/twoldridge/adap-site/table_data/sinalite_categorized_export/Business Cards/business_cards_options.csv - Line 197: Failed to parse options
/home/twoldridge/adap-site/table_data/sinalite_categorized_export/Business Cards/business_cards_options.csv - Line 198: Failed to parse options
/home/twoldridge/adap-site/table_data/sinalite_categorized_export/Business Cards/business_cards_options.csv - Line 199: Failed to parse options
/home/twoldridge/adap-site/table_data/sinalite_categorized_export/Business Cards/business_cards_options.csv - Line 200: Failed to parse options
/home/twoldridge/adap-site/table_data/sinalite_categorized_export/Business Cards/business_cards_options.csv - Line 201: Failed to parse options
/home/twoldridge/adap-site/table_data/sinalite_categorized_export/Business Cards/business_cards_options.csv - Line 202: Failed to parse options
/home/twoldridge/adap-site/table_data/sinalite_categorized_export/Business Cards/business_cards_options.csv - Line 203: Failed to parse options
/home/twoldridge/adap-site/table_data/sinalite_categorized_export/Business Cards/business_cards_options.csv - Line 204: Failed to parse options
/home/twoldridge/adap-site/table_data/sinalite_categorized_export/Business Cards/business_cards_options.csv - Line 205: Failed to parse options
/home/twoldridge/adap-site/table_data/sinalite_categorized_export/Business Cards/business_cards_options.csv - Line 206: Failed to parse options
/home/twoldridge/adap-site/table_data/sinalite_categorized_export/Business Cards/business_cards_options.csv - Line 207: Failed to parse options
/home/twoldridge/adap-site/table_data/sinalite_categorized_export/Business Cards/business_cards_options.csv - Line 208: Failed to parse options
/home/twoldridge/adap-site/table_data/sinalite_categorized_export/Business Cards/business_cards_options.csv - Line 209: Failed to parse options
/home/twoldridge/adap-site/table_data/sinalite_categorized_export/Business Cards/business_cards_options.csv - Line 210: Failed to parse options
/home/twoldridge/adap-site/table_data/sinalite_categorized_export/Business Cards/business_cards_options.csv - Line 211: Failed to parse options
/home/twoldridge/adap-site/table_data/sinalite_categorized_export/Business Cards/business_cards_options.csv - Line 212: Failed to parse options
/home/twoldridge/adap-site/table_data/sinalite_categorized_export/Business Cards/business_cards_options.csv - Line 213: Failed to parse options
/home/twoldridge/adap-site/table_data/sinalite_categorized_export/Business Cards/business_cards_options.csv - Line 214: Failed to parse options
/home/twoldridge/adap-site/table_data/sinalite_categorized_export/Business Cards/business_cards_options.csv - Line 215: Failed to parse options
/home/twoldridge/adap-site/table_data/sinalite_categorized_export/Business Cards/business_cards_options.csv - Line 216: Failed to parse options
/home/twoldridge/adap-site/table_data/sinalite_categorized_export/Business Cards/business_cards_options.csv - Line 217: Failed to parse options
/home/twoldridge/adap-site/table_data/sinalite_categorized_export/Business Cards/business_cards_options.csv - Line 218: Failed to parse options
/home/twoldridge/adap-site/table_data/sinalite_categorized_export/Business Cards/business_cards_options.csv - Line 219: Failed to parse options
/home/twoldridge/adap-site/table_data/sinalite_categorized_export/Business Cards/business_cards_options.csv - Line 220: Failed to parse options
/home/twoldridge/adap-site/table_data/sinalite_categorized_export/Business Cards/business_cards_options.csv - Line 221: Failed to parse options
/home/twoldridge/adap-site/table_data/sinalite_categorized_export/Business Cards/business_cards_options.csv - Line 222: Failed to parse options
/home/twoldridge/adap-site/table_data/sinalite_categorized_export/Business Cards/business_cards_options.csv - Line 223: Failed to parse options
/home/twoldridge/adap-site/table_data/sinalite_categorized_export/Business Cards/business_cards_options.csv - Line 224: Failed to parse options
/home/twoldridge/adap-site/table_data/sinalite_categorized_export/Business Cards/business_cards_options.csv - Line 225: Failed to parse options
/home/twoldridge/adap-site/table_data/sinalite_categorized_export/Business Cards/business_cards_options.csv - Line 226: Failed to parse options
/home/twoldridge/adap-site/table_data/sinalite_categorized_export/Business Cards/business_cards_options.csv - Line 227: Failed to parse options
/home/twoldridge/adap-site/table_data/sinalite_categorized_export/Business Cards/business_cards_options.csv - Line 228: Failed to parse options
/home/twoldridge/adap-site/table_data/sinalite_categorized_export/Business Cards/business_cards_options.csv - Line 229: Failed to parse options
/home/twoldridge/adap-site/table_data/sinalite_categorized_export/Business Cards/business_cards_options.csv - Line 230: Failed to parse options
/home/twoldridge/adap-site/table_data/sinalite_categorized_export/Business Cards/business_cards_options.csv - Line 231: Failed to parse options
/home/twoldridge/adap-site/table_data/sinalite_categorized_export/Business Cards/business_cards_options.csv - Line 232: Failed to parse options
/home/twoldridge/adap-site/table_data/sinalite_categorized_export/Business Cards/business_cards_options.csv - Line 233: Failed to parse options
/home/twoldridge/adap-site/table_data/sinalite_categorized_export/Business Cards/business_cards_options.csv - Line 234: Failed to parse options
/home/twoldridge/adap-site/table_data/sinalite_categorized_export/Business Cards/business_cards_options.csv - Line 235: Failed to parse options
/home/twoldridge/adap-site/table_data/sinalite_categorized_export/Business Cards/business_cards_options.csv - Line 236: Failed to parse options
/home/twoldridge/adap-site/table_data/sinalite_categorized_export/Business Cards/business_cards_options.csv - Line 237: Failed to parse options
/home/twoldridge/adap-site/table_data/sinalite_categorized_export/Business Cards/business_cards_options.csv - Line 238: Failed to parse options
/home/twoldridge/adap-site/table_data/sinalite_categorized_export/Business Cards/business_cards_options.csv - Line 239: Failed to parse options
/home/twoldridge/adap-site/table_data/sinalite_categorized_export/Business Cards/business_cards_options.csv - Line 240: Failed to parse options
/home/twoldridge/adap-site/table_data/sinalite_categorized_export/Business Cards/business_cards_options.csv - Line 241: Failed to parse options
/home/twoldridge/adap-site/table_data/sinalite_categorized_export/Business Cards/business_cards_options.csv - Line 242: Failed to parse options
/home/twoldridge/adap-site/table_data/sinalite_categorized_export/Business Cards/business_cards_options.csv - Line 243: Failed to parse options
/home/twoldridge/adap-site/table_data/sinalite_categorized_export/Business Cards/business_cards_options.csv - Line 244: Failed to parse options
/home/twoldridge/adap-site/table_data/sinalite_categorized_export/Business Cards/business_cards_options.csv - Line 245: Failed to parse options
/home/twoldridge/adap-site/table_data/sinalite_categorized_export/Business Cards/business_cards_options.csv - Line 246: Failed to parse options
/home/twoldridge/adap-site/table_data/sinalite_categorized_export/Business Cards/business_cards_options.csv - Line 247: Failed to parse options
/home/twoldridge/adap-site/table_data/sinalite_categorized_export/Business Cards/business_cards_options.csv - Line 248: Failed to parse options
/home/twoldridge/adap-site/table_data/sinalite_categorized_export/Business Cards/business_cards_options.csv - Line 249: Failed to parse options
/home/twoldridge/adap-site/table_data/sinalite_categorized_export/Business Cards/business_cards_options.csv - Line 250: Failed to parse options
/home/twoldridge/adap-site/table_data/sinalite_categorized_export/Business Cards/business_cards_options.csv - Line 251: Failed to parse options
/home/twoldridge/adap-site/table_data/sinalite_categorized_export/Business Cards/business_cards_options.csv - Line 252: Failed to parse options
/home/twoldridge/adap-site/table_data/sinalite_categorized_export/Business Cards/business_cards_options.csv - Line 253: Failed to parse options
/home/twoldridge/adap-site/table_data/sinalite_categorized_export/Business Cards/business_cards_options.csv - Line 254: Failed to parse options
/home/twoldridge/adap-site/table_data/sinalite_categorized_export/Business Cards/business_cards_options.csv - Line 255: Failed to parse options
/home/twoldridge/adap-site/table_data/sinalite_categorized_export/Business Cards/business_cards_options.csv - Line 256: Failed to parse options
/home/twoldridge/adap-site/table_data/sinalite_categorized_export/Business Cards/business_cards_options.csv - Line 257: Failed to parse options
/home/twoldridge/adap-site/table_data/sinalite_categorized_export/Business Cards/business_cards_options.csv - Line 258: Failed to parse options
/home/twoldridge/adap-site/table_data/sinalite_categorized_export/Business Cards/business_cards_options.csv - Line 259: Failed to parse options
/home/twoldridge/adap-site/table_data/sinalite_categorized_export/Business Cards/business_cards_options.csv - Line 260: Failed to parse options
/home/twoldridge/adap-site/table_data/sinalite_categorized_export/Business Cards/business_cards_options.csv - Line 261: Failed to parse options
/home/twoldridge/adap-site/table_data/sinalite_categorized_export/Business Cards/business_cards_options.csv - Line 262: Failed to parse options
/home/twoldridge/adap-site/table_data/sinalite_categorized_export/Business Cards/business_cards_options.csv - Line 263: Failed to parse options
/home/twoldridge/adap-site/table_data/sinalite_categorized_export/Business Cards/business_cards_options.csv - Line 264: Failed to parse options
/home/twoldridge/adap-site/table_data/sinalite_categorized_export/Business Cards/business_cards_options.csv - Line 265: Failed to parse options
/home/twoldridge/adap-site/table_data/sinalite_categorized_export/Business Cards/business_cards_options.csv - Line 266: Failed to parse options
/home/twoldridge/adap-site/table_data/sinalite_categorized_export/Business Cards/business_cards_options.csv - Line 267: Failed to parse options
/home/twoldridge/adap-site/table_data/sinalite_categorized_export/Business Cards/business_cards_options.csv - Line 268: Failed to parse options
/home/twoldridge/adap-site/table_data/sinalite_categorized_export/Business Cards/business_cards_options.csv - Line 269: Failed to parse options
/home/twoldridge/adap-site/table_data/sinalite_categorized_export/Business Cards/business_cards_options.csv - Line 270: Failed to parse options
/home/twoldridge/adap-site/table_data/sinalite_categorized_export/Business Cards/business_cards_options.csv - Line 271: Failed to parse options
/home/twoldridge/adap-site/table_data/sinalite_categorized_export/Business Cards/business_cards_options.csv - Line 272: Failed to parse options
/home/twoldridge/adap-site/table_data/sinalite_categorized_export/Business Cards/business_cards_options.csv - Line 273: Failed to parse options
/home/twoldridge/adap-site/table_data/sinalite_categorized_export/Business Cards/business_cards_options.csv - Line 274: Failed to parse options
/home/twoldridge/adap-site/table_data/sinalite_categorized_export/Business Cards/business_cards_options.csv - Line 275: Failed to parse options
/home/twoldridge/adap-site/table_data/sinalite_categorized_export/Business Cards/business_cards_options.csv - Line 276: Failed to parse options
/home/twoldridge/adap-site/table_data/sinalite_categorized_export/Business Cards/business_cards_options.csv - Line 277: Failed to parse options
/home/twoldridge/adap-site/table_data/sinalite_categorized_export/Business Cards/business_cards_options.csv - Line 278: Failed to parse options
/home/twoldridge/adap-site/table_data/sinalite_categorized_export/Business Cards/business_cards_options.csv - Line 279: Failed to parse options
/home/twoldridge/adap-site/table_data/sinalite_categorized_export/Business Cards/business_cards_options.csv - Line 280: Failed to parse options
/home/twoldridge/adap-site/table_data/sinalite_categorized_export/Business Cards/business_cards_options.csv - Line 281: Failed to parse options
/home/twoldridge/adap-site/table_data/sinalite_categorized_export/Business Cards/business_cards_options.csv - Line 282: Failed to parse options
/home/twoldridge/adap-site/table_data/sinalite_categorized_export/Business Cards/business_cards_options.csv - Line 283: Failed to parse options
/home/twoldridge/adap-site/table_data/sinalite_categorized_export/Business Cards/business_cards_options.csv - Line 284: Failed to parse options
/home/twoldridge/adap-site/table_data/sinalite_categorized_export/Business Cards/business_cards_options.csv - Line 285: Failed to parse options
/home/twoldridge/adap-site/table_data/sinalite_categorized_export/Business Cards/business_cards_options.csv - Line 286: Failed to parse options
/home/twoldridge/adap-site/table_data/sinalite_categorized_export/Business Cards/business_cards_options.csv - Line 287: Failed to parse options
/home/twoldridge/adap-site/table_data/sinalite_categorized_export/Business Cards/business_cards_options.csv - Line 288: Failed to parse options
/home/twoldridge/adap-site/table_data/sinalite_categorized_export/Business Cards/business_cards_options.csv - Line 289: Failed to parse options
/home/twoldridge/adap-site/table_data/sinalite_categorized_export/Business Cards/business_cards_options.csv - Line 290: Failed to parse options
/home/twoldridge/adap-site/table_data/sinalite_categorized_export/Business Cards/business_cards_options.csv - Line 291: Failed to parse options
/home/twoldridge/adap-site/table_data/sinalite_categorized_export/Business Cards/business_cards_options.csv - Line 292: Failed to parse options
/home/twoldridge/adap-site/table_data/sinalite_categorized_export/Business Cards/business_cards_options.csv - Line 293: Failed to parse options
/home/twoldridge/adap-site/table_data/sinalite_categorized_export/Business Cards/business_cards_options.csv - Line 294: Failed to parse options
/home/twoldridge/adap-site/table_data/sinalite_categorized_export/Business Cards/business_cards_options.csv - Line 295: Failed to parse options
/home/twoldridge/adap-site/table_data/sinalite_categorized_export/Business Cards/business_cards_options.csv - Line 296: Failed to parse options
/home/twoldridge/adap-site/table_data/sinalite_categorized_export/Business Cards/business_cards_options.csv - Line 297: Failed to parse options
/home/twoldridge/adap-site/table_data/sinalite_categorized_export/Business Cards/business_cards_options.csv - Line 298: Failed to parse options
/home/twoldridge/adap-site/table_data/sinalite_categorized_export/Business Cards/business_cards_options.csv - Line 299: Failed to parse options
/home/twoldridge/adap-site/table_data/sinalite_categorized_export/Business Cards/business_cards_options.csv - Line 300: Failed to parse options
/home/twoldridge/adap-site/table_data/sinalite_categorized_export/Business Cards/business_cards_options.csv - Line 301: Failed to parse options
/home/twoldridge/adap-site/table_data/sinalite_categorized_export/Business Cards/business_cards_options.csv - Line 302: Failed to parse options
/home/twoldridge/adap-site/table_data/sinalite_categorized_export/Business Cards/business_cards_options.csv - Line 303: Failed to parse options
/home/twoldridge/adap-site/table_data/sinalite_categorized_export/Business Cards/business_cards_options.csv - Line 304: Failed to parse options
/home/twoldridge/adap-site/table_data/sinalite_categorized_export/Business Cards/business_cards_options.csv - Line 305: Failed to parse options
/home/twoldridge/adap-site/table_data/sinalite_categorized_export/Business Cards/business_cards_options.csv - Line 306: Failed to parse options
/home/twoldridge/adap-site/table_data/sinalite_categorized_export/Business Cards/business_cards_options.csv - Line 307: Failed to parse options
/home/twoldridge/adap-site/table_data/sinalite_categorized_export/Business Cards/business_cards_options.csv - Line 308: Failed to parse options
/home/twoldridge/adap-site/table_data/sinalite_categorized_export/Business Cards/business_cards_options.csv - Line 309: Failed to parse options
/home/twoldridge/adap-site/table_data/sinalite_categorized_export/Business Cards/business_cards_options.csv - Line 310: Failed to parse options
/home/twoldridge/adap-site/table_data/sinalite_categorized_export/Business Cards/business_cards_options.csv - Line 311: Failed to parse options
/home/twoldridge/adap-site/table_data/sinalite_categorized_export/Business Cards/business_cards_options.csv - Line 312: Failed to parse options
/home/twoldridge/adap-site/table_data/sinalite_categorized_export/Business Cards/business_cards_options.csv - Line 313: Failed to parse options
/home/twoldridge/adap-site/table_data/sinalite_categorized_export/Business Cards/business_cards_options.csv - Line 314: Failed to parse options
/home/twoldridge/adap-site/table_data/sinalite_categorized_export/Business Cards/business_cards_options.csv - Line 315: Failed to parse options
/home/twoldridge/adap-site/table_data/sinalite_categorized_export/Business Cards/business_cards_options.csv - Line 316: Failed to parse options
/home/twoldridge/adap-site/table_data/sinalite_categorized_export/Business Cards/business_cards_options.csv - Line 317: Failed to parse options
/home/twoldridge/adap-site/table_data/sinalite_categorized_export/Business Cards/business_cards_options.csv - Line 318: Failed to parse options
/home/twoldridge/adap-site/table_data/sinalite_categorized_export/Business Cards/business_cards_options.csv - Line 319: Failed to parse options
/home/twoldridge/adap-site/table_data/sinalite_categorized_export/Business Cards/business_cards_options.csv - Line 320: Failed to parse options
/home/twoldridge/adap-site/table_data/sinalite_categorized_export/Business Cards/business_cards_options.csv - Line 321: Failed to parse options
/home/twoldridge/adap-site/table_data/sinalite_categorized_export/Business Cards/business_cards_options.csv - Line 322: Failed to parse options
/home/twoldridge/adap-site/table_data/sinalite_categorized_export/Business Cards/business_cards_options.csv - Line 323: Failed to parse options
/home/twoldridge/adap-site/table_data/sinalite_categorized_export/Business Cards/business_cards_options.csv - Line 324: Failed to parse options
/home/twoldridge/adap-site/table_data/sinalite_categorized_export/Business Cards/business_cards_options.csv - Line 325: Failed to parse options
/home/twoldridge/adap-site/table_data/sinalite_categorized_export/Business Cards/business_cards_options.csv - Line 326: Failed to parse options
/home/twoldridge/adap-site/table_data/sinalite_categorized_export/Business Cards/business_cards_options.csv - Line 327: Failed to parse options
/home/twoldridge/adap-site/table_data/sinalite_categorized_export/Business Cards/business_cards_options.csv - Line 328: Failed to parse options
/home/twoldridge/adap-site/table_data/sinalite_categorized_export/Business Cards/business_cards_options.csv - Line 329: Failed to parse options
/home/twoldridge/adap-site/table_data/sinalite_categorized_export/Business Cards/business_cards_options.csv - Line 330: Failed to parse options
/home/twoldridge/adap-site/table_data/sinalite_categorized_export/Business Cards/business_cards_options.csv - Line 331: Failed to parse options
/home/twoldridge/adap-site/table_data/sinalite_categorized_export/Business Cards/business_cards_options.csv - Line 332: Failed to parse options
/home/twoldridge/adap-site/table_data/sinalite_categorized_export/Business Cards/business_cards_options.csv - Line 333: Failed to parse options
/home/twoldridge/adap-site/table_data/sinalite_categorized_export/Business Cards/business_cards_options.csv - Line 334: Failed to parse options
/home/twoldridge/adap-site/table_data/sinalite_categorized_export/Business Cards/business_cards_options.csv - Line 335: Failed to parse options
/home/twoldridge/adap-site/table_data/sinalite_categorized_export/Business Cards/business_cards_options.csv - Line 336: Failed to parse options
/home/twoldridge/adap-site/table_data/sinalite_categorized_export/Business Cards/business_cards_options.csv - Line 337: Failed to parse options
/home/twoldridge/adap-site/table_data/sinalite_categorized_export/Business Cards/business_cards_options.csv - Line 338: Failed to parse options
/home/twoldridge/adap-site/table_data/sinalite_categorized_export/Business Cards/business_cards_options.csv - Line 339: Failed to parse options
/home/twoldridge/adap-site/table_data/sinalite_categorized_export/Business Cards/business_cards_options.csv - Line 340: Failed to parse options
/home/twoldridge/adap-site/table_data/sinalite_categorized_export/Business Cards/business_cards_options.csv - Line 341: Failed to parse options
/home/twoldridge/adap-site/table_data/sinalite_categorized_export/Business Cards/business_cards_options.csv - Line 342: Failed to parse options
/home/twoldridge/adap-site/table_data/sinalite_categorized_export/Business Cards/business_cards_options.csv - Line 343: Failed to parse options
/home/twoldridge/adap-site/table_data/sinalite_categorized_export/Business Cards/business_cards_options.csv - Line 344: Failed to parse options
/home/twoldridge/adap-site/table_data/sinalite_categorized_export/Business Cards/business_cards_options.csv - Line 345: Failed to parse options
/home/twoldridge/adap-site/table_data/sinalite_categorized_export/Business Cards/business_cards_options.csv - Line 346: Failed to parse options
/home/twoldridge/adap-site/table_data/sinalite_categorized_export/Business Cards/business_cards_options.csv - Line 347: Failed to parse options
/home/twoldridge/adap-site/table_data/sinalite_categorized_export/Business Cards/business_cards_options.csv - Line 348: Failed to parse options
/home/twoldridge/adap-site/table_data/sinalite_categorized_export/Business Cards/business_cards_options.csv - Line 349: Failed to parse options
/home/twoldridge/adap-site/table_data/sinalite_categorized_export/Business Cards/business_cards_options.csv - Line 350: Failed to parse options
/home/twoldridge/adap-site/table_data/sinalite_categorized_export/Business Cards/business_cards_options.csv - Line 351: Failed to parse options
/home/twoldridge/adap-site/table_data/sinalite_categorized_export/Business Cards/business_cards_options.csv - Line 352: Failed to parse options
/home/twoldridge/adap-site/table_data/sinalite_categorized_export/Business Cards/business_cards_options.csv - Line 353: Failed to parse options
/home/twoldridge/adap-site/table_data/sinalite_categorized_export/Business Cards/business_cards_options.csv - Line 354: Failed to parse options
/home/twoldridge/adap-site/table_data/sinalite_categorized_export/Business Cards/business_cards_options.csv - Line 355: Failed to parse options
/home/twoldridge/adap-site/table_data/sinalite_categorized_export/Business Cards/business_cards_options.csv - Line 356: Failed to parse options
/home/twoldridge/adap-site/table_data/sinalite_categorized_export/Business Cards/business_cards_options.csv - Line 357: Failed to parse options
/home/twoldridge/adap-site/table_data/sinalite_categorized_export/Business Cards/business_cards_options.csv - Line 358: Failed to parse options
/home/twoldridge/adap-site/table_data/sinalite_categorized_export/Business Cards/business_cards_options.csv - Line 359: Failed to parse options
/home/twoldridge/adap-site/table_data/sinalite_categorized_export/Business Cards/business_cards_options.csv - Line 360: Failed to parse options
/home/twoldridge/adap-site/table_data/sinalite_categorized_export/Business Cards/business_cards_options.csv - Line 361: Failed to parse options
/home/twoldridge/adap-site/table_data/sinalite_categorized_export/Business Cards/business_cards_options.csv - Line 362: Failed to parse options
/home/twoldridge/adap-site/table_data/sinalite_categorized_export/Business Cards/business_cards_options.csv - Line 363: Failed to parse options
/home/twoldridge/adap-site/table_data/sinalite_categorized_export/Business Cards/business_cards_options.csv - Line 364: Failed to parse options
/home/twoldridge/adap-site/table_data/sinalite_categorized_export/Business Cards/business_cards_options.csv - Line 365: Failed to parse options
/home/twoldridge/adap-site/table_data/sinalite_categorized_export/Business Cards/business_cards_options.csv - Line 366: Failed to parse options
/home/twoldridge/adap-site/table_data/sinalite_categorized_export/Business Cards/business_cards_options.csv - Line 367: Failed to parse options
/home/twoldridge/adap-site/table_data/sinalite_categorized_export/Business Cards/business_cards_options.csv - Line 368: Failed to parse options
/home/twoldridge/adap-site/table_data/sinalite_categorized_export/Business Cards/business_cards_options.csv - Line 369: Failed to parse options
/home/twoldridge/adap-site/table_data/sinalite_categorized_export/Business Cards/business_cards_options.csv - Line 370: Failed to parse options
/home/twoldridge/adap-site/table_data/sinalite_categorized_export/Business Cards/business_cards_options.csv - Line 371: Failed to parse options
/home/twoldridge/adap-site/table_data/sinalite_categorized_export/Business Cards/business_cards_options.csv - Line 372: Failed to parse options
/home/twoldridge/adap-site/table_data/sinalite_categorized_export/Business Cards/business_cards_options.csv - Line 373: Failed to parse options
/home/twoldridge/adap-site/table_data/sinalite_categorized_export/Business Cards/business_cards_options.csv - Line 374: Failed to parse options
/home/twoldridge/adap-site/table_data/sinalite_categorized_export/Business Cards/business_cards_options.csv - Line 375: Failed to parse options
/home/twoldridge/adap-site/table_data/sinalite_categorized_export/Business Cards/business_cards_options.csv - Line 376: Failed to parse options
/home/twoldridge/adap-site/table_data/sinalite_categorized_export/Business Cards/business_cards_options.csv - Line 377: Failed to parse options
/home/twoldridge/adap-site/table_data/sinalite_categorized_export/Business Cards/business_cards_options.csv - Line 378: Failed to parse options
/home/twoldridge/adap-site/table_data/sinalite_categorized_export/Business Cards/business_cards_options.csv - Line 379: Failed to parse options
/home/twoldridge/adap-site/table_data/sinalite_categorized_export/Business Cards/business_cards_options.csv - Line 380: Failed to parse options
/home/twoldridge/adap-site/table_data/sinalite_categorized_export/Business Cards/business_cards_options.csv - Line 381: Failed to parse options
/home/twoldridge/adap-site/table_data/sinalite_categorized_export/Business Cards/business_cards_options.csv - Line 382: Failed to parse options
/home/twoldridge/adap-site/table_data/sinalite_categorized_export/Business Cards/business_cards_options.csv - Line 383: Failed to parse options
/home/twoldridge/adap-site/table_data/sinalite_categorized_export/Business Cards/business_cards_options.csv - Line 384: Failed to parse options
/home/twoldridge/adap-site/table_data/sinalite_categorized_export/Business Cards/business_cards_options.csv - Line 385: Failed to parse options
/home/twoldridge/adap-site/table_data/sinalite_categorized_export/Business Cards/business_cards_options.csv - Line 386: Failed to parse options
/home/twoldridge/adap-site/table_data/sinalite_categorized_export/Business Cards/business_cards_options.csv - Line 387: Failed to parse options
/home/twoldridge/adap-site/table_data/sinalite_categorized_export/Business Cards/business_cards_options.csv - Line 388: Failed to parse options
/home/twoldridge/adap-site/table_data/sinalite_categorized_export/Business Cards/business_cards_options.csv - Line 389: Failed to parse options
/home/twoldridge/adap-site/table_data/sinalite_categorized_export/Business Cards/business_cards_options.csv - Line 390: Failed to parse options
/home/twoldridge/adap-site/table_data/sinalite_categorized_export/Business Cards/business_cards_options.csv - Line 391: Failed to parse options
/home/twoldridge/adap-site/table_data/sinalite_categorized_export/Business Cards/business_cards_options.csv - Line 392: Failed to parse options
/home/twoldridge/adap-site/table_data/sinalite_categorized_export/Business Cards/business_cards_options.csv - Line 393: Failed to parse options
/home/twoldridge/adap-site/table_data/sinalite_categorized_export/Business Cards/business_cards_options.csv - Line 394: Failed to parse options
/home/twoldridge/adap-site/table_data/sinalite_categorized_export/Business Cards/business_cards_options.csv - Line 395: Failed to parse options
/home/twoldridge/adap-site/table_data/sinalite_categorized_export/Business Cards/business_cards_options.csv - Line 396: Failed to parse options
/home/twoldridge/adap-site/table_data/sinalite_categorized_export/Business Cards/business_cards_options.csv - Line 397: Failed to parse options
/home/twoldridge/adap-site/table_data/sinalite_categorized_export/Business Cards/business_cards_options.csv - Line 398: Failed to parse options
/home/twoldridge/adap-site/table_data/sinalite_categorized_export/Business Cards/business_cards_options.csv - Line 399: Failed to parse options
/home/twoldridge/adap-site/table_data/sinalite_categorized_export/Business Cards/business_cards_options.csv - Line 400: Failed to parse options
/home/twoldridge/adap-site/table_data/sinalite_categorized_export/Business Cards/business_cards_options.csv - Line 401: Failed to parse options
/home/twoldridge/adap-site/table_data/sinalite_categorized_export/Business Cards/business_cards_options.csv - Line 402: Failed to parse options
/home/twoldridge/adap-site/table_data/sinalite_categorized_export/Business Cards/business_cards_options.csv - Line 403: Failed to parse options
/home/twoldridge/adap-site/table_data/sinalite_categorized_export/Business Cards/business_cards_options.csv - Line 404: Failed to parse options
/home/twoldridge/adap-site/table_data/sinalite_categorized_export/Business Cards/business_cards_options.csv - Line 405: Failed to parse options
/home/twoldridge/adap-site/table_data/sinalite_categorized_export/Business Cards/business_cards_options.csv - Line 406: Failed to parse options
/home/twoldridge/adap-site/table_data/sinalite_categorized_export/Business Cards/business_cards_options.csv - Line 407: Failed to parse options
/home/twoldridge/adap-site/table_data/sinalite_categorized_export/Business Cards/business_cards_options.csv - Line 408: Failed to parse options
/home/twoldridge/adap-site/table_data/sinalite_categorized_export/Business Cards/business_cards_options.csv - Line 409: Failed to parse options
/home/twoldridge/adap-site/table_data/sinalite_categorized_export/Business Cards/business_cards_options.csv - Line 410: Failed to parse options
/home/twoldridge/adap-site/table_data/sinalite_categorized_export/Business Cards/business_cards_options.csv - Line 411: Failed to parse options
/home/twoldridge/adap-site/table_data/sinalite_categorized_export/Business Cards/business_cards_options.csv - Line 412: Failed to parse options
/home/twoldridge/adap-site/table_data/sinalite_categorized_export/Business Cards/business_cards_options.csv - Line 413: Failed to parse options
/home/twoldridge/adap-site/table_data/sinalite_categorized_export/Business Cards/business_cards_options.csv - Line 414: Failed to parse options
/home/twoldridge/adap-site/table_data/sinalite_categorized_export/Business Cards/business_cards_options.csv - Line 415: Failed to parse options
/home/twoldridge/adap-site/table_data/sinalite_categorized_export/Business Cards/business_cards_options.csv - Line 416: Failed to parse options
/home/twoldridge/adap-site/table_data/sinalite_categorized_export/Business Cards/business_cards_options.csv - Line 417: Failed to parse options
/home/twoldridge/adap-site/table_data/sinalite_categorized_export/Business Cards/business_cards_options.csv - Line 418: Failed to parse options
/home/twoldridge/adap-site/table_data/sinalite_categorized_export/Business Cards/business_cards_options.csv - Line 419: Failed to parse options
/home/twoldridge/adap-site/table_data/sinalite_categorized_export/Business Cards/business_cards_options.csv - Line 420: Failed to parse options
/home/twoldridge/adap-site/table_data/sinalite_categorized_export/Business Cards/business_cards_options.csv - Line 421: Failed to parse options
/home/twoldridge/adap-site/table_data/sinalite_categorized_export/Business Cards/business_cards_options.csv - Line 422: Failed to parse options
/home/twoldridge/adap-site/table_data/sinalite_categorized_export/Business Cards/business_cards_options.csv - Line 423: Failed to parse options
/home/twoldridge/adap-site/table_data/sinalite_categorized_export/Business Cards/business_cards_options.csv - Line 424: Failed to parse options
/home/twoldridge/adap-site/table_data/sinalite_categorized_export/Business Cards/business_cards_options.csv - Line 425: Failed to parse options
/home/twoldridge/adap-site/table_data/sinalite_categorized_export/Business Cards/business_cards_options.csv - Line 426: Failed to parse options
/home/twoldridge/adap-site/table_data/sinalite_categorized_export/Business Cards/business_cards_options.csv - Line 427: Failed to parse options
/home/twoldridge/adap-site/table_data/sinalite_categorized_export/Business Cards/business_cards_options.csv - Line 428: Failed to parse options
/home/twoldridge/adap-site/table_data/sinalite_categorized_export/Business Cards/business_cards_options.csv - Line 429: Failed to parse options
/home/twoldridge/adap-site/table_data/sinalite_categorized_export/Business Cards/business_cards_options.csv - Line 430: Failed to parse options
/home/twoldridge/adap-site/table_data/sinalite_categorized_export/Business Cards/business_cards_options.csv - Line 431: Failed to parse options
/home/twoldridge/adap-site/table_data/sinalite_categorized_export/Business Cards/business_cards_options.csv - Line 432: Failed to parse options
/home/twoldridge/adap-site/table_data/sinalite_categorized_export/Business Cards/business_cards_options.csv - Line 433: Failed to parse options
/home/twoldridge/adap-site/table_data/sinalite_categorized_export/Business Cards/business_cards_options.csv - Line 434: Failed to parse options
/home/twoldridge/adap-site/table_data/sinalite_categorized_export/Business Cards/business_cards_options.csv - Line 435: Failed to parse options
/home/twoldridge/adap-site/table_data/sinalite_categorized_export/Business Cards/business_cards_options.csv - Line 436: Failed to parse options
/home/twoldridge/adap-site/table_data/sinalite_categorized_export/Business Cards/business_cards_options.csv - Line 437: Failed to parse options
/home/twoldridge/adap-site/table_data/sinalite_categorized_export/Business Cards/business_cards_options.csv - Line 438: Failed to parse options
/home/twoldridge/adap-site/table_data/sinalite_categorized_export/Business Cards/business_cards_options.csv - Line 439: Failed to parse options
/home/twoldridge/adap-site/table_data/sinalite_categorized_export/Business Cards/business_cards_options.csv - Line 440: Failed to parse options
/home/twoldridge/adap-site/table_data/sinalite_categorized_export/Business Cards/business_cards_options.csv - Line 441: Failed to parse options
/home/twoldridge/adap-site/table_data/sinalite_categorized_export/Business Cards/business_cards_options.csv - Line 442: Failed to parse options
/home/twoldridge/adap-site/table_data/sinalite_categorized_export/Business Cards/business_cards_options.csv - Line 443: Failed to parse options
/home/twoldridge/adap-site/table_data/sinalite_categorized_export/Business Cards/business_cards_options.csv - Line 444: Failed to parse options
/home/twoldridge/adap-site/table_data/sinalite_categorized_export/Business Cards/business_cards_options.csv - Line 445: Failed to parse options
/home/twoldridge/adap-site/table_data/sinalite_categorized_export/Business Cards/business_cards_options.csv - Line 446: Failed to parse options
/home/twoldridge/adap-site/table_data/sinalite_categorized_export/Business Cards/business_cards_options.csv - Line 447: Failed to parse options
/home/twoldridge/adap-site/table_data/sinalite_categorized_export/Labels and Packaging/Supply Boxes.csv - Line 1: Failed to parse options
/home/twoldridge/adap-site/table_data/sinalite_categorized_export/Labels and Packaging/Square Cut Labels _ Stickers.csv - Line 1: Failed to parse options
/home/twoldridge/adap-site/table_data/sinalite_categorized_export/Sample Kits/Sample Kits.csv - Line 1: Failed to parse options
