[2025-07-24 18:58:01,883] INFO: 🚀 Starting import
[2025-07-24 18:58:01,885] ERROR: ❌ Product insert failed for Envelopes 60LB Uncoated in /home/twoldridge/adap-site/table_data/sinalite_categorized_export/Stationery/Envelopes.csv: 'product_id'
[2025-07-24 18:58:01,885] ERROR: ❌ Product insert failed for Security Envelopes 60LB Uncoated in /home/twoldridge/adap-site/table_data/sinalite_categorized_export/Stationery/Envelopes.csv: 'product_id'
[2025-07-24 18:58:01,886] ERROR: ❌ Product insert failed for Envelopes 60lb (Self-Adhesive) in /home/twoldridge/adap-site/table_data/sinalite_categorized_export/Stationery/Envelopes.csv: 'product_id'
[2025-07-24 18:58:01,886] INFO: ✅ Processed 0 products from /home/twoldridge/adap-site/table_data/sinalite_categorized_export/Stationery/Envelopes.csv
[2025-07-24 18:58:01,886] ERROR: ❌ Product insert failed for Notepads 60LB Uncoated (25 pages) in /home/twoldridge/adap-site/table_data/sinalite_categorized_export/Stationery/Notepads.csv: 'product_id'
[2025-07-24 18:58:01,887] ERROR: ❌ Product insert failed for Notepads 60LB Uncoated (50 pages) in /home/twoldridge/adap-site/table_data/sinalite_categorized_export/Stationery/Notepads.csv: 'product_id'
[2025-07-24 18:58:01,887] INFO: ✅ Processed 0 products from /home/twoldridge/adap-site/table_data/sinalite_categorized_export/Stationery/Notepads.csv
[2025-07-24 18:58:01,887] ERROR: ❌ Product insert failed for NCR Forms 20lb Uncoated in /home/twoldridge/adap-site/table_data/sinalite_categorized_export/Stationery/NCR Forms.csv: 'product_id'
[2025-07-24 18:58:01,887] INFO: ✅ Processed 0 products from /home/twoldridge/adap-site/table_data/sinalite_categorized_export/Stationery/NCR Forms.csv
[2025-07-24 18:58:01,887] ERROR: ❌ Product insert failed for Letterheads 60LB Uncoated in /home/twoldridge/adap-site/table_data/sinalite_categorized_export/Stationery/Letterhead.csv: 'product_id'
[2025-07-24 18:58:01,887] INFO: ✅ Processed 0 products from /home/twoldridge/adap-site/table_data/sinalite_categorized_export/Stationery/Letterhead.csv
[2025-07-24 18:58:01,888] ERROR: ❌ Product insert failed for Presentation Folders 14PT + AQ in /home/twoldridge/adap-site/table_data/sinalite_categorized_export/Promotional/Presentation Folders.csv: 'product_id'
[2025-07-24 18:58:01,889] ERROR: ❌ Product insert failed for Presentation Folders 14PT + Matte Finish in /home/twoldridge/adap-site/table_data/sinalite_categorized_export/Promotional/Presentation Folders.csv: 'product_id'
[2025-07-24 18:58:01,891] ERROR: ❌ Product insert failed for Presentation Folders 14PT + UV (High Gloss) in /home/twoldridge/adap-site/table_data/sinalite_categorized_export/Promotional/Presentation Folders.csv: 'product_id'
[2025-07-24 18:58:01,892] ERROR: ❌ Product insert failed for Presentation Folders Matte Laminated in /home/twoldridge/adap-site/table_data/sinalite_categorized_export/Promotional/Presentation Folders.csv: 'product_id'
[2025-07-24 18:58:01,892] INFO: ✅ Processed 0 products from /home/twoldridge/adap-site/table_data/sinalite_categorized_export/Promotional/Presentation Folders.csv
[2025-07-24 18:58:01,892] ERROR: ❌ Product insert failed for Table Covers (6 ft Table) in /home/twoldridge/adap-site/table_data/sinalite_categorized_export/Promotional/Table Covers.csv: 'product_id'
[2025-07-24 18:58:01,892] ERROR: ❌ Product insert failed for Table Covers (8 ft Table) in /home/twoldridge/adap-site/table_data/sinalite_categorized_export/Promotional/Table Covers.csv: 'product_id'
[2025-07-24 18:58:01,892] INFO: ✅ Processed 0 products from /home/twoldridge/adap-site/table_data/sinalite_categorized_export/Promotional/Table Covers.csv
