{"type":"impression","slideId":"metallic-foil-business-cards","timestamp":1754144972100,"receivedAt":"2025-08-02T14:29:34.300Z"}
{"type":"impression","slideId":"promo-group-3","timestamp":1754145133458,"receivedAt":"2025-08-02T14:32:17.395Z"}
{"type":"impression","slideId":"metallic-foil-greeting-cards","timestamp":1754145138369,"receivedAt":"2025-08-02T14:32:22.394Z"}
{"type":"impression","slideId":"banners-glossy-vinyl","timestamp":1754145143371,"receivedAt":"2025-08-02T14:32:27.393Z"}
{"type":"impression","slideId":"metallic-foil-business-cards","timestamp":1754145148374,"receivedAt":"2025-08-02T14:32:32.391Z"}
{"type":"impression","slideId":"promo-group-3","timestamp":1754145210987,"receivedAt":"2025-08-02T14:33:34.654Z"}
{"type":"impression","slideId":"metallic-foil-greeting-cards","timestamp":1754145215625,"receivedAt":"2025-08-02T14:33:39.698Z"}
{"type":"impression","slideId":"banners-glossy-vinyl","timestamp":1754145220627,"receivedAt":"2025-08-02T14:33:44.690Z"}
{"type":"impression","slideId":"metallic-foil-business-cards","timestamp":1754145225629,"receivedAt":"2025-08-02T14:33:49.704Z"}
{"type":"impression","slideId":"promo-group-3","timestamp":1754152578540,"receivedAt":"2025-08-02T16:36:23.443Z"}
{"type":"impression","slideId":"metallic-foil-greeting-cards","timestamp":1754152583547,"receivedAt":"2025-08-02T16:36:28.063Z"}
{"type":"impression","slideId":"banners-glossy-vinyl","timestamp":1754152588552,"receivedAt":"2025-08-02T16:36:33.112Z"}
{"type":"impression","slideId":"metallic-foil-business-cards","timestamp":1754152594100,"receivedAt":"2025-08-02T16:36:38.113Z"}
{"type":"impression","slideId":"promo-group-3","timestamp":1754153116100,"receivedAt":"2025-08-02T16:45:21.728Z"}
{"type":"impression","slideId":"metallic-foil-greeting-cards","timestamp":1754153122100,"receivedAt":"2025-08-02T16:45:26.119Z"}
{"type":"impression","slideId":"banners-glossy-vinyl","timestamp":1754153128100,"receivedAt":"2025-08-02T16:45:31.113Z"}
{"type":"impression","slideId":"metallic-foil-business-cards","timestamp":1754153134100,"receivedAt":"2025-08-02T16:45:36.113Z"}
{"type":"impression","slideId":"promo-group-3","timestamp":1754154568634,"receivedAt":"2025-08-02T17:09:34.286Z"}
{"type":"impression","slideId":"metallic-foil-greeting-cards","timestamp":1754154575100,"receivedAt":"2025-08-02T17:09:39.154Z"}
{"type":"impression","slideId":"banners-glossy-vinyl","timestamp":1754154581100,"receivedAt":"2025-08-02T17:09:44.120Z"}
{"type":"impression","slideId":"metallic-foil-business-cards","timestamp":1754154587100,"receivedAt":"2025-08-02T17:09:49.132Z"}
{"type":"impression","slideId":"promo-group-3","timestamp":1754161129922,"receivedAt":"2025-08-02T18:58:54.367Z"}
{"type":"impression","slideId":"metallic-foil-greeting-cards","timestamp":1754161135100,"receivedAt":"2025-08-02T18:58:59.171Z"}
{"type":"impression","slideId":"banners-glossy-vinyl","timestamp":1754161141100,"receivedAt":"2025-08-02T18:59:04.178Z"}
{"type":"impression","slideId":"metallic-foil-business-cards","timestamp":1754161147100,"receivedAt":"2025-08-02T18:59:09.173Z"}
{"type":"impression","slideId":"promo-group-3","timestamp":1754161204359,"receivedAt":"2025-08-02T19:00:08.646Z"}
{"type":"impression","slideId":"metallic-foil-greeting-cards","timestamp":1754161209091,"receivedAt":"2025-08-02T19:00:13.620Z"}
{"type":"impression","slideId":"banners-glossy-vinyl","timestamp":1754161214096,"receivedAt":"2025-08-02T19:00:18.622Z"}
{"type":"impression","slideId":"metallic-foil-business-cards","timestamp":1754161219099,"receivedAt":"2025-08-02T19:00:23.619Z"}
{"type":"impression","slideId":"promo-group-3","timestamp":1754162467001,"receivedAt":"2025-08-02T19:21:11.792Z"}
{"type":"impression","slideId":"metallic-foil-greeting-cards","timestamp":1754162472006,"receivedAt":"2025-08-02T19:21:16.529Z"}
{"type":"impression","slideId":"banners-glossy-vinyl","timestamp":1754162477010,"receivedAt":"2025-08-02T19:21:21.558Z"}
{"type":"impression","slideId":"metallic-foil-business-cards","timestamp":1754162482014,"receivedAt":"2025-08-02T19:21:26.560Z"}
{"type":"impression","slideId":"promo-group-3","timestamp":1754162541928,"receivedAt":"2025-08-02T19:22:26.326Z"}
{"type":"impression","slideId":"metallic-foil-greeting-cards","timestamp":1754162546814,"receivedAt":"2025-08-02T19:22:31.367Z"}
{"type":"impression","slideId":"banners-glossy-vinyl","timestamp":1754162551819,"receivedAt":"2025-08-02T19:22:37.158Z"}
{"type":"impression","slideId":"metallic-foil-business-cards","timestamp":1754162558100,"receivedAt":"2025-08-02T19:22:42.118Z"}
{"type":"impression","slideId":"promo-group-3","timestamp":1754162597110,"receivedAt":"2025-08-02T19:23:21.845Z"}
{"type":"impression","slideId":"metallic-foil-greeting-cards","timestamp":1754162602116,"receivedAt":"2025-08-02T19:23:26.661Z"}
{"type":"impression","slideId":"banners-glossy-vinyl","timestamp":1754162607120,"receivedAt":"2025-08-02T19:23:31.631Z"}
{"type":"impression","slideId":"metallic-foil-business-cards","timestamp":1754162612124,"receivedAt":"2025-08-02T19:23:37.126Z"}
{"type":"impression","slideId":"promo-group-3","timestamp":1754162749100,"receivedAt":"2025-08-02T19:25:53.342Z"}
{"type":"impression","slideId":"metallic-foil-greeting-cards","timestamp":1754162754100,"receivedAt":"2025-08-02T19:25:58.114Z"}
{"type":"impression","slideId":"banners-glossy-vinyl","timestamp":1754162760100,"receivedAt":"2025-08-02T19:26:03.114Z"}
{"type":"impression","slideId":"metallic-foil-business-cards","timestamp":1754162766100,"receivedAt":"2025-08-02T19:26:08.124Z"}
{"type":"impression","slideId":"promo-group-3","timestamp":1754164343180,"receivedAt":"2025-08-02T19:52:27.872Z"}
{"type":"impression","slideId":"metallic-foil-greeting-cards","timestamp":1754164348186,"receivedAt":"2025-08-02T19:52:32.695Z"}
{"type":"impression","slideId":"banners-glossy-vinyl","timestamp":1754164353190,"receivedAt":"2025-08-02T19:52:37.705Z"}
{"type":"impression","slideId":"metallic-foil-business-cards","timestamp":1754164358195,"receivedAt":"2025-08-02T19:52:42.698Z"}
{"type":"impression","slideId":"promo-group-3","timestamp":1754164646005,"receivedAt":"2025-08-02T19:57:30.339Z"}
{"type":"impression","slideId":"metallic-foil-greeting-cards","timestamp":1754164650698,"receivedAt":"2025-08-02T19:57:35.206Z"}
{"type":"impression","slideId":"banners-glossy-vinyl","timestamp":1754164655702,"receivedAt":"2025-08-02T19:57:40.205Z"}
{"type":"impression","slideId":"metallic-foil-business-cards","timestamp":1754164660707,"receivedAt":"2025-08-02T19:57:45.205Z"}
{"type":"impression","slideId":"promo-group-3","timestamp":1754165312100,"receivedAt":"2025-08-02T20:08:37.354Z"}
{"type":"impression","slideId":"metallic-foil-greeting-cards","timestamp":1754165318100,"receivedAt":"2025-08-02T20:08:42.154Z"}
{"type":"impression","slideId":"banners-glossy-vinyl","timestamp":1754165324100,"receivedAt":"2025-08-02T20:08:47.193Z"}
{"type":"impression","slideId":"metallic-foil-business-cards","timestamp":1754165330100,"receivedAt":"2025-08-02T20:08:52.123Z"}
{"type":"impression","slideId":"promo-group-3","timestamp":1754165665575,"receivedAt":"2025-08-02T20:14:30.275Z"}
{"type":"impression","slideId":"metallic-foil-greeting-cards","timestamp":1754165671100,"receivedAt":"2025-08-02T20:14:35.115Z"}
{"type":"impression","slideId":"banners-glossy-vinyl","timestamp":1754165677100,"receivedAt":"2025-08-02T20:14:40.113Z"}
{"type":"impression","slideId":"metallic-foil-business-cards","timestamp":1754165683100,"receivedAt":"2025-08-02T20:14:45.113Z"}
{"type":"impression","slideId":"promo-group-3","timestamp":1754165847728,"receivedAt":"2025-08-02T20:17:32.014Z"}
{"type":"impression","slideId":"metallic-foil-greeting-cards","timestamp":1754165852302,"receivedAt":"2025-08-02T20:17:37.118Z"}
{"type":"impression","slideId":"banners-glossy-vinyl","timestamp":1754165858100,"receivedAt":"2025-08-02T20:17:42.158Z"}
{"type":"impression","slideId":"metallic-foil-business-cards","timestamp":1754165864100,"receivedAt":"2025-08-02T20:17:47.130Z"}
{"type":"impression","slideId":"promo-group-3","timestamp":1754166534836,"receivedAt":"2025-08-02T20:28:59.190Z"}
{"type":"impression","slideId":"metallic-foil-greeting-cards","timestamp":1754166539477,"receivedAt":"2025-08-02T20:29:04.029Z"}
{"type":"impression","slideId":"banners-glossy-vinyl","timestamp":1754166544482,"receivedAt":"2025-08-02T20:29:09.003Z"}
{"type":"impression","slideId":"metallic-foil-business-cards","timestamp":1754166549486,"receivedAt":"2025-08-02T20:29:14.012Z"}
{"type":"impression","slideId":"promo-group-3","timestamp":1754170328063,"receivedAt":"2025-08-02T21:32:12.871Z"}
{"type":"impression","slideId":"metallic-foil-greeting-cards","timestamp":1754170333068,"receivedAt":"2025-08-02T21:32:17.580Z"}
{"type":"impression","slideId":"banners-glossy-vinyl","timestamp":1754170338073,"receivedAt":"2025-08-02T21:32:23.119Z"}
{"type":"impression","slideId":"metallic-foil-business-cards","timestamp":1754170344100,"receivedAt":"2025-08-02T21:32:28.120Z"}
{"type":"category_impression","itemId":"business-cards","timestamp":1754170997160,"receivedAt":"2025-08-02T21:43:18.562Z"}
{"type":"category_impression","itemId":"print-products","timestamp":1754170997160,"receivedAt":"2025-08-02T21:43:18.562Z"}
{"type":"category_impression","itemId":"large-format","timestamp":1754170997160,"receivedAt":"2025-08-02T21:43:18.562Z"}
{"type":"impression","slideId":"promo-group-3","timestamp":1754170998100,"receivedAt":"2025-08-02T21:43:23.140Z"}
{"type":"impression","slideId":"metallic-foil-greeting-cards","timestamp":1754171004100,"receivedAt":"2025-08-02T21:43:28.118Z"}
{"type":"impression","slideId":"banners-glossy-vinyl","timestamp":1754171010100,"receivedAt":"2025-08-02T21:43:33.162Z"}
{"type":"impression","slideId":"metallic-foil-business-cards","timestamp":1754171016100,"receivedAt":"2025-08-02T21:43:38.114Z"}
{"type":"category_impression","itemId":"business-cards","timestamp":1754172436219,"receivedAt":"2025-08-02T22:07:19.492Z"}
{"type":"category_impression","itemId":"print-products","timestamp":1754172436219,"receivedAt":"2025-08-02T22:07:19.492Z"}
{"type":"category_impression","itemId":"large-format","timestamp":1754172436219,"receivedAt":"2025-08-02T22:07:19.492Z"}
{"type":"impression","slideId":"promo-group-3","timestamp":1754172436722,"receivedAt":"2025-08-02T22:07:21.239Z"}
{"type":"impression","slideId":"metallic-foil-greeting-cards","timestamp":1754172441729,"receivedAt":"2025-08-02T22:07:26.238Z"}
{"type":"impression","slideId":"banners-glossy-vinyl","timestamp":1754172446733,"receivedAt":"2025-08-02T22:07:31.242Z"}
{"type":"impression","slideId":"metallic-foil-business-cards","timestamp":1754172451737,"receivedAt":"2025-08-02T22:07:36.244Z"}
{"type":"category_impression","itemId":"business-cards","timestamp":1754172797492,"receivedAt":"2025-08-02T22:13:20.680Z"}
{"type":"category_impression","itemId":"print-products","timestamp":1754172797492,"receivedAt":"2025-08-02T22:13:20.680Z"}
{"type":"category_impression","itemId":"large-format","timestamp":1754172797492,"receivedAt":"2025-08-02T22:13:20.680Z"}
{"type":"impression","slideId":"promo-group-3","timestamp":1754172797995,"receivedAt":"2025-08-02T22:13:23.148Z"}
{"type":"impression","slideId":"metallic-foil-greeting-cards","timestamp":1754172804100,"receivedAt":"2025-08-02T22:13:28.116Z"}
{"type":"impression","slideId":"banners-glossy-vinyl","timestamp":1754172810100,"receivedAt":"2025-08-02T22:13:33.120Z"}
{"type":"impression","slideId":"metallic-foil-business-cards","timestamp":1754172816100,"receivedAt":"2025-08-02T22:13:37.643Z"}
{"type":"category_impression","slideId":"business-cards","timestamp":1754173553613,"receivedAt":"2025-08-02T22:25:54.675Z"}
{"type":"category_impression","slideId":"print-products","timestamp":1754173553614,"receivedAt":"2025-08-02T22:25:54.675Z"}
{"type":"category_impression","slideId":"large-format","timestamp":1754173553614,"receivedAt":"2025-08-02T22:25:54.676Z"}
{"type":"impression","slideId":"promo-group-3","timestamp":1754173554116,"receivedAt":"2025-08-02T22:25:58.646Z"}
{"type":"impression","slideId":"metallic-foil-greeting-cards","timestamp":1754173559122,"receivedAt":"2025-08-02T22:26:03.633Z"}
{"type":"impression","slideId":"banners-glossy-vinyl","timestamp":1754173564126,"receivedAt":"2025-08-02T22:26:08.631Z"}
{"type":"impression","slideId":"metallic-foil-business-cards","timestamp":1754173569130,"receivedAt":"2025-08-02T22:26:14.117Z"}
{"type":"category_impression","slideId":"business-cards","timestamp":1754173824480,"receivedAt":"2025-08-02T22:30:25.078Z"}
{"type":"category_impression","slideId":"print-products","timestamp":1754173824480,"receivedAt":"2025-08-02T22:30:25.078Z"}
{"type":"category_impression","slideId":"large-format","timestamp":1754173824480,"receivedAt":"2025-08-02T22:30:25.078Z"}
{"type":"impression","slideId":"promo-group-3","timestamp":1754173824983,"receivedAt":"2025-08-02T22:30:30.118Z"}
{"type":"impression","slideId":"metallic-foil-greeting-cards","timestamp":1754173831100,"receivedAt":"2025-08-02T22:30:35.120Z"}
{"type":"impression","slideId":"banners-glossy-vinyl","timestamp":1754173837100,"receivedAt":"2025-08-02T22:30:40.159Z"}
{"type":"impression","slideId":"metallic-foil-business-cards","timestamp":1754173843100,"receivedAt":"2025-08-02T22:30:45.162Z"}
{"type":"category_impression","slideId":"business-cards","timestamp":1754174337974,"receivedAt":"2025-08-02T22:38:58.548Z"}
{"type":"category_impression","slideId":"print-products","timestamp":1754174337974,"receivedAt":"2025-08-02T22:38:58.548Z"}
{"type":"category_impression","slideId":"large-format","timestamp":1754174337974,"receivedAt":"2025-08-02T22:38:58.548Z"}
{"type":"impression","slideId":"promo-group-3","timestamp":1754174338480,"receivedAt":"2025-08-02T22:39:03.014Z"}
{"type":"impression","slideId":"metallic-foil-greeting-cards","timestamp":1754174343488,"receivedAt":"2025-08-02T22:39:08.003Z"}
{"type":"impression","slideId":"banners-glossy-vinyl","timestamp":1754174348492,"receivedAt":"2025-08-02T22:39:13.006Z"}
{"type":"impression","slideId":"metallic-foil-business-cards","timestamp":1754174353497,"receivedAt":"2025-08-02T22:39:18.005Z"}
{"type":"category_impression","slideId":"business-cards","timestamp":1754175740735,"receivedAt":"2025-08-02T23:02:21.580Z"}
{"type":"category_impression","slideId":"print-products","timestamp":1754175740735,"receivedAt":"2025-08-02T23:02:21.580Z"}
{"type":"category_impression","slideId":"large-format","timestamp":1754175740735,"receivedAt":"2025-08-02T23:02:21.580Z"}
{"type":"impression","slideId":"promo-group-3","timestamp":1754175743100,"receivedAt":"2025-08-02T23:02:26.326Z"}
{"type":"category_impression","slideId":"business-cards","timestamp":1754175747818,"receivedAt":"2025-08-02T23:02:27.964Z"}
{"type":"category_impression","slideId":"print-products","timestamp":1754175747818,"receivedAt":"2025-08-02T23:02:27.964Z"}
{"type":"category_impression","slideId":"large-format","timestamp":1754175747818,"receivedAt":"2025-08-02T23:02:27.964Z"}
{"type":"impression","slideId":"promo-group-3","timestamp":1754175749100,"receivedAt":"2025-08-02T23:02:33.128Z"}
{"type":"impression","slideId":"metallic-foil-greeting-cards","timestamp":1754175754100,"receivedAt":"2025-08-02T23:02:37.844Z"}
{"type":"impression","slideId":"banners-glossy-vinyl","timestamp":1754175758612,"receivedAt":"2025-08-02T23:02:42.876Z"}
{"type":"impression","slideId":"metallic-foil-business-cards","timestamp":1754175763615,"receivedAt":"2025-08-02T23:02:47.843Z"}
{"type":"category_impression","slideId":"business-cards","timestamp":1754178105545,"receivedAt":"2025-08-02T23:41:46.805Z"}
{"type":"category_impression","slideId":"print-products","timestamp":1754178105545,"receivedAt":"2025-08-02T23:41:46.805Z"}
{"type":"category_impression","slideId":"large-format","timestamp":1754178105545,"receivedAt":"2025-08-02T23:41:46.805Z"}
{"type":"impression","slideId":"promo-group-3","timestamp":1754178106100,"receivedAt":"2025-08-02T23:41:50.666Z"}
{"type":"impression","slideId":"metallic-foil-greeting-cards","timestamp":1754178111057,"receivedAt":"2025-08-02T23:41:55.589Z"}
{"type":"impression","slideId":"banners-glossy-vinyl","timestamp":1754178116061,"receivedAt":"2025-08-02T23:42:00.576Z"}
{"type":"impression","slideId":"metallic-foil-business-cards","timestamp":1754178121065,"receivedAt":"2025-08-02T23:42:05.582Z"}
{"type":"category_impression","slideId":"business-cards","timestamp":1754178832468,"receivedAt":"2025-08-02T23:53:54.091Z"}
{"type":"category_impression","slideId":"print-products","timestamp":1754178832468,"receivedAt":"2025-08-02T23:53:54.091Z"}
{"type":"category_impression","slideId":"large-format","timestamp":1754178832468,"receivedAt":"2025-08-02T23:53:54.091Z"}
{"type":"impression","slideId":"promo-group-3","timestamp":1754178833100,"receivedAt":"2025-08-02T23:53:57.530Z"}
{"type":"impression","slideId":"metallic-foil-greeting-cards","timestamp":1754178837975,"receivedAt":"2025-08-02T23:54:02.521Z"}
{"type":"impression","slideId":"banners-glossy-vinyl","timestamp":1754178842979,"receivedAt":"2025-08-02T23:54:08.151Z"}
{"type":"impression","slideId":"metallic-foil-business-cards","timestamp":1754178849100,"receivedAt":"2025-08-02T23:54:13.147Z"}
{"type":"category_impression","slideId":"business-cards","timestamp":1754180776509,"receivedAt":"2025-08-03T00:26:18.612Z"}
{"type":"category_impression","slideId":"print-products","timestamp":1754180776509,"receivedAt":"2025-08-03T00:26:18.612Z"}
{"type":"category_impression","slideId":"large-format","timestamp":1754180776509,"receivedAt":"2025-08-03T00:26:18.612Z"}
{"type":"impression","slideId":"promo-group-3","timestamp":1754180777100,"receivedAt":"2025-08-03T00:26:22.160Z"}
{"type":"impression","slideId":"metallic-foil-greeting-cards","timestamp":1754180783100,"receivedAt":"2025-08-03T00:26:27.174Z"}
{"type":"impression","slideId":"banners-glossy-vinyl","timestamp":1754180789100,"receivedAt":"2025-08-03T00:26:32.158Z"}
{"type":"impression","slideId":"metallic-foil-business-cards","timestamp":1754180795100,"receivedAt":"2025-08-03T00:26:37.166Z"}
{"type":"category_impression","slideId":"business-cards","timestamp":1754182158502,"receivedAt":"2025-08-03T00:49:27.015Z"}
{"type":"category_impression","slideId":"print-products","timestamp":1754182158502,"receivedAt":"2025-08-03T00:49:27.015Z"}
{"type":"category_impression","slideId":"large-format","timestamp":1754182158502,"receivedAt":"2025-08-03T00:49:27.015Z"}
{"type":"impression","slideId":"promo-group-3","timestamp":1754182159005,"receivedAt":"2025-08-03T00:49:27.017Z"}
{"type":"impression","slideId":"metallic-foil-greeting-cards","timestamp":1754182164010,"receivedAt":"2025-08-03T00:49:28.530Z"}
{"type":"impression","slideId":"banners-glossy-vinyl","timestamp":1754182169015,"receivedAt":"2025-08-03T00:49:33.541Z"}
{"type":"impression","slideId":"metallic-foil-business-cards","timestamp":1754182174019,"receivedAt":"2025-08-03T00:49:38.537Z"}
{"type":"category_impression","slideId":"business-cards","timestamp":1754182312593,"receivedAt":"2025-08-03T00:51:53.423Z"}
{"type":"category_impression","slideId":"print-products","timestamp":1754182312593,"receivedAt":"2025-08-03T00:51:53.423Z"}
{"type":"category_impression","slideId":"large-format","timestamp":1754182312593,"receivedAt":"2025-08-03T00:51:53.423Z"}
{"type":"impression","slideId":"promo-group-3","timestamp":1754182313095,"receivedAt":"2025-08-03T00:51:57.617Z"}
{"type":"impression","slideId":"metallic-foil-greeting-cards","timestamp":1754182318100,"receivedAt":"2025-08-03T00:52:02.619Z"}
{"type":"impression","slideId":"banners-glossy-vinyl","timestamp":1754182323105,"receivedAt":"2025-08-03T00:52:07.610Z"}
{"type":"impression","slideId":"metallic-foil-business-cards","timestamp":1754182328109,"receivedAt":"2025-08-03T00:52:12.624Z"}
{"type":"impression","slideId":"promo-group-3","timestamp":1754182590100,"receivedAt":"2025-08-03T00:56:35.691Z"}
{"type":"category_impression","slideId":"business-cards","timestamp":1754182588872,"receivedAt":"2025-08-03T00:56:35.693Z"}
{"type":"category_impression","slideId":"print-products","timestamp":1754182588872,"receivedAt":"2025-08-03T00:56:35.693Z"}
{"type":"category_impression","slideId":"large-format","timestamp":1754182588872,"receivedAt":"2025-08-03T00:56:35.693Z"}
{"type":"category_impression","slideId":"business-cards","timestamp":1754183050723,"receivedAt":"2025-08-03T01:04:12.293Z"}
{"type":"category_impression","slideId":"print-products","timestamp":1754183050723,"receivedAt":"2025-08-03T01:04:12.293Z"}
{"type":"category_impression","slideId":"large-format","timestamp":1754183050723,"receivedAt":"2025-08-03T01:04:12.293Z"}
{"type":"impression","slideId":"promo-group-3","timestamp":1754183052100,"receivedAt":"2025-08-03T01:04:16.195Z"}
{"type":"impression","slideId":"metallic-foil-greeting-cards","timestamp":1754183057100,"receivedAt":"2025-08-03T01:04:20.785Z"}
{"type":"impression","slideId":"banners-glossy-vinyl","timestamp":1754183061610,"receivedAt":"2025-08-03T01:04:25.741Z"}
{"type":"impression","slideId":"metallic-foil-business-cards","timestamp":1754183066615,"receivedAt":"2025-08-03T01:04:30.739Z"}
{"type":"category_impression","slideId":"business-cards","timestamp":1754183552528,"receivedAt":"2025-08-03T01:12:34.810Z"}
{"type":"category_impression","slideId":"print-products","timestamp":1754183552528,"receivedAt":"2025-08-03T01:12:34.810Z"}
{"type":"category_impression","slideId":"large-format","timestamp":1754183552528,"receivedAt":"2025-08-03T01:12:34.810Z"}
{"type":"impression","slideId":"promo-group-3","timestamp":1754183553030,"receivedAt":"2025-08-03T01:12:37.544Z"}
{"type":"impression","slideId":"metallic-foil-greeting-cards","timestamp":1754183558036,"receivedAt":"2025-08-03T01:12:42.546Z"}
{"type":"impression","slideId":"banners-glossy-vinyl","timestamp":1754183563040,"receivedAt":"2025-08-03T01:12:47.541Z"}
{"type":"impression","slideId":"metallic-foil-business-cards","timestamp":1754183568044,"receivedAt":"2025-08-03T01:12:52.542Z"}
{"type":"category_impression","slideId":"business-cards","timestamp":1754183879534,"receivedAt":"2025-08-03T01:18:00.292Z"}
{"type":"category_impression","slideId":"print-products","timestamp":1754183879534,"receivedAt":"2025-08-03T01:18:00.292Z"}
{"type":"category_impression","slideId":"large-format","timestamp":1754183879534,"receivedAt":"2025-08-03T01:18:00.292Z"}
{"type":"impression","slideId":"promo-group-3","timestamp":1754183880036,"receivedAt":"2025-08-03T01:18:04.551Z"}
{"type":"impression","slideId":"metallic-foil-greeting-cards","timestamp":1754183885041,"receivedAt":"2025-08-03T01:18:10.120Z"}
{"type":"impression","slideId":"banners-glossy-vinyl","timestamp":1754183891100,"receivedAt":"2025-08-03T01:18:15.131Z"}
{"type":"impression","slideId":"metallic-foil-business-cards","timestamp":1754183897100,"receivedAt":"2025-08-03T01:18:20.114Z"}
{"type":"category_impression","slideId":"business-cards","timestamp":1754184445632,"receivedAt":"2025-08-03T01:27:26.780Z"}
{"type":"category_impression","slideId":"print-products","timestamp":1754184445632,"receivedAt":"2025-08-03T01:27:26.780Z"}
{"type":"category_impression","slideId":"large-format","timestamp":1754184445632,"receivedAt":"2025-08-03T01:27:26.780Z"}
{"type":"impression","slideId":"promo-group-3","timestamp":1754184446135,"receivedAt":"2025-08-03T01:27:30.657Z"}
{"type":"impression","slideId":"metallic-foil-greeting-cards","timestamp":1754184451143,"receivedAt":"2025-08-03T01:27:35.660Z"}
{"type":"impression","slideId":"banners-glossy-vinyl","timestamp":1754184456147,"receivedAt":"2025-08-03T01:27:40.688Z"}
{"type":"impression","slideId":"metallic-foil-business-cards","timestamp":1754184461153,"receivedAt":"2025-08-03T01:27:45.651Z"}
{"type":"category_impression","slideId":"business-cards","timestamp":1754184714957,"receivedAt":"2025-08-03T01:31:55.465Z"}
{"type":"category_impression","slideId":"print-products","timestamp":1754184714957,"receivedAt":"2025-08-03T01:31:55.465Z"}
{"type":"category_impression","slideId":"large-format","timestamp":1754184714957,"receivedAt":"2025-08-03T01:31:55.465Z"}
{"type":"impression","slideId":"promo-group-3","timestamp":1754184715460,"receivedAt":"2025-08-03T01:31:59.980Z"}
{"type":"impression","slideId":"metallic-foil-greeting-cards","timestamp":1754184720463,"receivedAt":"2025-08-03T01:32:04.979Z"}
{"type":"impression","slideId":"banners-glossy-vinyl","timestamp":1754184725467,"receivedAt":"2025-08-03T01:32:09.976Z"}
{"type":"impression","slideId":"metallic-foil-business-cards","timestamp":1754184730471,"receivedAt":"2025-08-03T01:32:15.041Z"}
{"type":"category_impression","slideId":"business-cards","timestamp":1754184781497,"receivedAt":"2025-08-03T01:33:01.622Z"}
{"type":"category_impression","slideId":"print-products","timestamp":1754184781497,"receivedAt":"2025-08-03T01:33:01.622Z"}
{"type":"category_impression","slideId":"large-format","timestamp":1754184781497,"receivedAt":"2025-08-03T01:33:01.622Z"}
{"type":"impression","slideId":"promo-group-3","timestamp":1754184782218,"receivedAt":"2025-08-03T01:33:06.515Z"}
{"type":"impression","slideId":"metallic-foil-greeting-cards","timestamp":1754184787004,"receivedAt":"2025-08-03T01:33:11.519Z"}
{"type":"impression","slideId":"banners-glossy-vinyl","timestamp":1754184792008,"receivedAt":"2025-08-03T01:33:16.517Z"}
{"type":"impression","slideId":"metallic-foil-business-cards","timestamp":1754184797012,"receivedAt":"2025-08-03T01:33:21.515Z"}
{"type":"category_impression","slideId":"business-cards","timestamp":1754184999040,"receivedAt":"2025-08-03T01:36:39.538Z"}
{"type":"category_impression","slideId":"print-products","timestamp":1754184999040,"receivedAt":"2025-08-03T01:36:39.538Z"}
{"type":"category_impression","slideId":"large-format","timestamp":1754184999040,"receivedAt":"2025-08-03T01:36:39.538Z"}
{"type":"impression","slideId":"promo-group-3","timestamp":1754184999543,"receivedAt":"2025-08-03T01:36:44.064Z"}
{"type":"impression","slideId":"metallic-foil-greeting-cards","timestamp":1754185004548,"receivedAt":"2025-08-03T01:36:49.060Z"}
{"type":"impression","slideId":"banners-glossy-vinyl","timestamp":1754185010100,"receivedAt":"2025-08-03T01:36:54.118Z"}
{"type":"impression","slideId":"metallic-foil-business-cards","timestamp":1754185015100,"receivedAt":"2025-08-03T01:36:59.118Z"}
{"type":"category_impression","slideId":"business-cards","timestamp":1754185049423,"receivedAt":"2025-08-03T01:37:36.119Z"}
{"type":"category_impression","slideId":"print-products","timestamp":1754185049423,"receivedAt":"2025-08-03T01:37:36.119Z"}
{"type":"category_impression","slideId":"large-format","timestamp":1754185049423,"receivedAt":"2025-08-03T01:37:36.119Z"}
{"type":"impression","slideId":"promo-group-3","timestamp":1754185049925,"receivedAt":"2025-08-03T01:37:36.121Z"}
{"type":"impression","slideId":"metallic-foil-greeting-cards","timestamp":1754185054929,"receivedAt":"2025-08-03T01:37:39.439Z"}
{"type":"impression","slideId":"banners-glossy-vinyl","timestamp":1754185059933,"receivedAt":"2025-08-03T01:37:45.110Z"}
{"type":"impression","slideId":"metallic-foil-business-cards","timestamp":1754185066100,"receivedAt":"2025-08-03T01:37:50.115Z"}
{"type":"category_impression","slideId":"business-cards","timestamp":1754185520769,"receivedAt":"2025-08-03T01:45:21.392Z"}
{"type":"category_impression","slideId":"print-products","timestamp":1754185520769,"receivedAt":"2025-08-03T01:45:21.392Z"}
{"type":"category_impression","slideId":"large-format","timestamp":1754185520769,"receivedAt":"2025-08-03T01:45:21.392Z"}
{"type":"impression","slideId":"promo-group-3","timestamp":1754185521272,"receivedAt":"2025-08-03T01:45:26.121Z"}
{"type":"impression","slideId":"metallic-foil-greeting-cards","timestamp":1754185527100,"receivedAt":"2025-08-03T01:45:31.110Z"}
{"type":"category_impression","slideId":"business-cards","timestamp":1754185570035,"receivedAt":"2025-08-03T01:46:11.406Z"}
{"type":"category_impression","slideId":"print-products","timestamp":1754185570035,"receivedAt":"2025-08-03T01:46:11.406Z"}
{"type":"category_impression","slideId":"large-format","timestamp":1754185570035,"receivedAt":"2025-08-03T01:46:11.406Z"}
{"type":"impression","slideId":"promo-group-3","timestamp":1754185570537,"receivedAt":"2025-08-03T01:46:15.078Z"}
{"type":"impression","slideId":"metallic-foil-greeting-cards","timestamp":1754185575542,"receivedAt":"2025-08-03T01:46:20.050Z"}
{"type":"impression","slideId":"banners-glossy-vinyl","timestamp":1754185580546,"receivedAt":"2025-08-03T01:46:25.077Z"}
{"type":"impression","slideId":"metallic-foil-business-cards","timestamp":1754185585550,"receivedAt":"2025-08-03T01:46:30.050Z"}
{"type":"category_impression","slideId":"business-cards","timestamp":1754188109859,"receivedAt":"2025-08-03T02:28:30.664Z"}
{"type":"category_impression","slideId":"print-products","timestamp":1754188109859,"receivedAt":"2025-08-03T02:28:30.664Z"}
{"type":"category_impression","slideId":"large-format","timestamp":1754188109859,"receivedAt":"2025-08-03T02:28:30.664Z"}
{"type":"impression","slideId":"promo-group-3","timestamp":1754188111281,"receivedAt":"2025-08-03T02:28:34.888Z"}
{"type":"impression","slideId":"metallic-foil-greeting-cards","timestamp":1754188115367,"receivedAt":"2025-08-03T02:28:39.880Z"}
{"type":"impression","slideId":"banners-glossy-vinyl","timestamp":1754188120373,"receivedAt":"2025-08-03T02:28:44.878Z"}
{"type":"impression","slideId":"metallic-foil-business-cards","timestamp":1754188125379,"receivedAt":"2025-08-03T02:28:49.881Z"}
{"type":"category_impression","slideId":"business-cards","timestamp":1754188151414,"receivedAt":"2025-08-03T02:29:11.485Z"}
{"type":"category_impression","slideId":"print-products","timestamp":1754188151414,"receivedAt":"2025-08-03T02:29:11.485Z"}
{"type":"category_impression","slideId":"large-format","timestamp":1754188151414,"receivedAt":"2025-08-03T02:29:11.485Z"}
{"type":"impression","slideId":"promo-group-3","timestamp":1754188152008,"receivedAt":"2025-08-03T02:29:16.440Z"}
{"type":"impression","slideId":"metallic-foil-greeting-cards","timestamp":1754188156919,"receivedAt":"2025-08-03T02:29:21.435Z"}
{"type":"impression","slideId":"banners-glossy-vinyl","timestamp":1754188161923,"receivedAt":"2025-08-03T02:29:26.435Z"}
{"type":"impression","slideId":"metallic-foil-business-cards","timestamp":1754188166926,"receivedAt":"2025-08-03T02:29:31.437Z"}
{"type":"category_impression","slideId":"business-cards","timestamp":1754189610183,"receivedAt":"2025-08-03T02:53:31.707Z"}
{"type":"category_impression","slideId":"print-products","timestamp":1754189610183,"receivedAt":"2025-08-03T02:53:31.708Z"}
{"type":"category_impression","slideId":"large-format","timestamp":1754189610183,"receivedAt":"2025-08-03T02:53:31.708Z"}
{"type":"impression","slideId":"promo-group-3","timestamp":1754189611100,"receivedAt":"2025-08-03T02:53:35.252Z"}
{"type":"impression","slideId":"metallic-foil-greeting-cards","timestamp":1754189615694,"receivedAt":"2025-08-03T02:53:40.210Z"}
{"type":"impression","slideId":"banners-glossy-vinyl","timestamp":1754189620699,"receivedAt":"2025-08-03T02:53:45.206Z"}
{"type":"impression","slideId":"metallic-foil-business-cards","timestamp":1754189625702,"receivedAt":"2025-08-03T02:53:51.157Z"}
{"type":"category_impression","slideId":"business-cards","timestamp":1754229136193,"receivedAt":"2025-08-03T13:52:20.523Z"}
{"type":"category_impression","slideId":"print-products","timestamp":1754229136193,"receivedAt":"2025-08-03T13:52:20.523Z"}
{"type":"category_impression","slideId":"large-format","timestamp":1754229136193,"receivedAt":"2025-08-03T13:52:20.523Z"}
{"type":"impression","slideId":"promo-group-3","timestamp":1754229137094,"receivedAt":"2025-08-03T13:52:21.219Z"}
{"type":"impression","slideId":"metallic-foil-greeting-cards","timestamp":1754229141706,"receivedAt":"2025-08-03T13:52:26.207Z"}
{"type":"impression","slideId":"banners-glossy-vinyl","timestamp":1754229146712,"receivedAt":"2025-08-03T13:52:31.209Z"}
{"type":"impression","slideId":"metallic-foil-business-cards","timestamp":1754229151719,"receivedAt":"2025-08-03T13:52:37.103Z"}
{"type":"category_impression","slideId":"business-cards","timestamp":1754229875733,"receivedAt":"2025-08-03T14:04:36.272Z"}
{"type":"category_impression","slideId":"print-products","timestamp":1754229875733,"receivedAt":"2025-08-03T14:04:36.272Z"}
{"type":"category_impression","slideId":"large-format","timestamp":1754229875733,"receivedAt":"2025-08-03T14:04:36.272Z"}
{"type":"category_impression","slideId":"business-cards","timestamp":1754230113273,"receivedAt":"2025-08-03T14:08:33.324Z"}
{"type":"category_impression","slideId":"print-products","timestamp":1754230113273,"receivedAt":"2025-08-03T14:08:33.324Z"}
{"type":"category_impression","slideId":"large-format","timestamp":1754230113273,"receivedAt":"2025-08-03T14:08:33.324Z"}
{"type":"impression","slideId":"promo-group-3","timestamp":1754230113949,"receivedAt":"2025-08-03T14:08:38.282Z"}
{"type":"category_impression","slideId":"business-cards","timestamp":1754230399681,"receivedAt":"2025-08-03T14:13:20.125Z"}
{"type":"category_impression","slideId":"print-products","timestamp":1754230399681,"receivedAt":"2025-08-03T14:13:20.125Z"}
{"type":"category_impression","slideId":"large-format","timestamp":1754230399681,"receivedAt":"2025-08-03T14:13:20.125Z"}
{"type":"impression","slideId":"promo-group-3","timestamp":1754230400182,"receivedAt":"2025-08-03T14:13:24.697Z"}
{"type":"impression","slideId":"metallic-foil-greeting-cards","timestamp":1754230405186,"receivedAt":"2025-08-03T14:13:29.699Z"}
{"type":"impression","slideId":"banners-glossy-vinyl","timestamp":1754230410188,"receivedAt":"2025-08-03T14:13:34.691Z"}
{"type":"impression","slideId":"metallic-foil-business-cards","timestamp":1754230415192,"receivedAt":"2025-08-03T14:13:39.690Z"}
{"type":"category_impression","slideId":"business-cards","timestamp":1754232221924,"receivedAt":"2025-08-03T14:43:43.253Z"}
{"type":"category_impression","slideId":"print-products","timestamp":1754232221925,"receivedAt":"2025-08-03T14:43:43.253Z"}
{"type":"category_impression","slideId":"large-format","timestamp":1754232221925,"receivedAt":"2025-08-03T14:43:43.253Z"}
{"type":"impression","slideId":"promo-group-3","timestamp":1754232223093,"receivedAt":"2025-08-03T14:43:46.890Z"}
{"type":"category_impression","slideId":"business-cards","timestamp":1754232264312,"receivedAt":"2025-08-03T14:44:24.509Z"}
{"type":"category_impression","slideId":"print-products","timestamp":1754232264312,"receivedAt":"2025-08-03T14:44:24.509Z"}
{"type":"category_impression","slideId":"large-format","timestamp":1754232264312,"receivedAt":"2025-08-03T14:44:24.509Z"}
{"type":"impression","slideId":"promo-group-3","timestamp":1754232265093,"receivedAt":"2025-08-03T14:44:30.112Z"}
{"type":"impression","slideId":"metallic-foil-greeting-cards","timestamp":1754232271093,"receivedAt":"2025-08-03T14:44:35.113Z"}
{"type":"impression","slideId":"banners-glossy-vinyl","timestamp":1754232277094,"receivedAt":"2025-08-03T14:44:40.111Z"}
{"type":"impression","slideId":"metallic-foil-business-cards","timestamp":1754232283093,"receivedAt":"2025-08-03T14:44:45.109Z"}
{"type":"category_impression","slideId":"business-cards","timestamp":1754234102834,"receivedAt":"2025-08-03T15:15:04.015Z"}
{"type":"category_impression","slideId":"print-products","timestamp":1754234102834,"receivedAt":"2025-08-03T15:15:04.015Z"}
{"type":"category_impression","slideId":"large-format","timestamp":1754234102834,"receivedAt":"2025-08-03T15:15:04.015Z"}
{"type":"impression","slideId":"promo-group-3","timestamp":1754234103337,"receivedAt":"2025-08-03T15:15:07.849Z"}
{"type":"impression","slideId":"metallic-foil-greeting-cards","timestamp":1754234108340,"receivedAt":"2025-08-03T15:15:13.098Z"}
{"type":"impression","slideId":"banners-glossy-vinyl","timestamp":1754234114093,"receivedAt":"2025-08-03T15:15:18.409Z"}
{"type":"impression","slideId":"metallic-foil-business-cards","timestamp":1754234120094,"receivedAt":"2025-08-03T15:15:23.112Z"}
